mode: atomic
github.com/adibhanna/modbus-go/client.go:24.47,34.2 2 3
github.com/adibhanna/modbus-go/client.go:37.43,39.2 1 3
github.com/adibhanna/modbus-go/client.go:42.86,51.2 1 0
github.com/adibhanna/modbus-go/client.go:54.82,56.2 1 0
github.com/adibhanna/modbus-go/client.go:59.76,61.16 2 0
github.com/adibhanna/modbus-go/client.go:61.16,63.3 1 0
github.com/adibhanna/modbus-go/client.go:64.2,64.53 1 0
github.com/adibhanna/modbus-go/client.go:68.78,70.16 2 0
github.com/adibhanna/modbus-go/client.go:70.16,72.3 1 0
github.com/adibhanna/modbus-go/client.go:73.2,73.53 1 0
github.com/adibhanna/modbus-go/client.go:77.34,80.2 2 4
github.com/adibhanna/modbus-go/client.go:83.32,85.2 1 3
github.com/adibhanna/modbus-go/client.go:88.37,90.2 1 2
github.com/adibhanna/modbus-go/client.go:93.53,95.2 1 3
github.com/adibhanna/modbus-go/client.go:98.46,100.2 1 0
github.com/adibhanna/modbus-go/client.go:103.52,106.2 2 3
github.com/adibhanna/modbus-go/client.go:109.45,111.2 1 0
github.com/adibhanna/modbus-go/client.go:114.43,116.2 1 1
github.com/adibhanna/modbus-go/client.go:119.38,121.2 1 0
github.com/adibhanna/modbus-go/client.go:124.53,126.2 1 0
github.com/adibhanna/modbus-go/client.go:129.48,131.2 1 0
github.com/adibhanna/modbus-go/client.go:134.59,136.2 1 0
github.com/adibhanna/modbus-go/client.go:139.52,141.2 1 0
github.com/adibhanna/modbus-go/client.go:144.49,146.2 1 0
github.com/adibhanna/modbus-go/client.go:149.42,151.2 1 0
github.com/adibhanna/modbus-go/client.go:154.51,163.2 1 0
github.com/adibhanna/modbus-go/client.go:166.59,174.2 6 0
github.com/adibhanna/modbus-go/client.go:177.71,180.55 2 16
github.com/adibhanna/modbus-go/client.go:180.55,182.33 1 19
github.com/adibhanna/modbus-go/client.go:182.33,183.23 1 0
github.com/adibhanna/modbus-go/client.go:183.23,184.39 1 0
github.com/adibhanna/modbus-go/client.go:184.39,186.32 2 0
github.com/adibhanna/modbus-go/client.go:186.32,188.7 1 0
github.com/adibhanna/modbus-go/client.go:189.6,189.14 1 0
github.com/adibhanna/modbus-go/client.go:191.10,193.5 1 0
github.com/adibhanna/modbus-go/client.go:196.3,197.17 2 19
github.com/adibhanna/modbus-go/client.go:197.17,199.4 1 15
github.com/adibhanna/modbus-go/client.go:200.3,203.29 2 4
github.com/adibhanna/modbus-go/client.go:203.29,205.4 1 3
github.com/adibhanna/modbus-go/client.go:208.2,208.89 1 1
github.com/adibhanna/modbus-go/client.go:212.94,214.16 2 3
github.com/adibhanna/modbus-go/client.go:214.16,216.3 1 0
github.com/adibhanna/modbus-go/client.go:218.2,219.16 2 3
github.com/adibhanna/modbus-go/client.go:219.16,221.3 1 1
github.com/adibhanna/modbus-go/client.go:223.2,223.51 1 2
github.com/adibhanna/modbus-go/client.go:227.103,229.16 2 0
github.com/adibhanna/modbus-go/client.go:229.16,231.3 1 0
github.com/adibhanna/modbus-go/client.go:233.2,234.16 2 0
github.com/adibhanna/modbus-go/client.go:234.16,236.3 1 0
github.com/adibhanna/modbus-go/client.go:238.2,238.60 1 0
github.com/adibhanna/modbus-go/client.go:242.107,244.16 2 5
github.com/adibhanna/modbus-go/client.go:244.16,246.3 1 0
github.com/adibhanna/modbus-go/client.go:248.2,249.16 2 5
github.com/adibhanna/modbus-go/client.go:249.16,251.3 1 0
github.com/adibhanna/modbus-go/client.go:253.2,253.62 1 5
github.com/adibhanna/modbus-go/client.go:257.105,259.16 2 0
github.com/adibhanna/modbus-go/client.go:259.16,261.3 1 0
github.com/adibhanna/modbus-go/client.go:263.2,264.16 2 0
github.com/adibhanna/modbus-go/client.go:264.16,266.3 1 0
github.com/adibhanna/modbus-go/client.go:268.2,268.60 1 0
github.com/adibhanna/modbus-go/client.go:272.76,274.16 2 1
github.com/adibhanna/modbus-go/client.go:274.16,276.3 1 0
github.com/adibhanna/modbus-go/client.go:278.2,279.16 2 1
github.com/adibhanna/modbus-go/client.go:279.16,281.3 1 0
github.com/adibhanna/modbus-go/client.go:283.2,283.63 1 1
github.com/adibhanna/modbus-go/client.go:287.82,289.16 2 2
github.com/adibhanna/modbus-go/client.go:289.16,291.3 1 0
github.com/adibhanna/modbus-go/client.go:293.2,294.16 2 2
github.com/adibhanna/modbus-go/client.go:294.16,296.3 1 0
github.com/adibhanna/modbus-go/client.go:298.2,298.67 1 2
github.com/adibhanna/modbus-go/client.go:302.82,304.16 2 0
github.com/adibhanna/modbus-go/client.go:304.16,306.3 1 0
github.com/adibhanna/modbus-go/client.go:308.2,309.16 2 0
github.com/adibhanna/modbus-go/client.go:309.16,311.3 1 0
github.com/adibhanna/modbus-go/client.go:313.2,313.89 1 0
github.com/adibhanna/modbus-go/client.go:317.88,319.16 2 2
github.com/adibhanna/modbus-go/client.go:319.16,321.3 1 0
github.com/adibhanna/modbus-go/client.go:323.2,324.16 2 2
github.com/adibhanna/modbus-go/client.go:324.16,326.3 1 0
github.com/adibhanna/modbus-go/client.go:328.2,328.93 1 2
github.com/adibhanna/modbus-go/client.go:332.90,334.16 2 1
github.com/adibhanna/modbus-go/client.go:334.16,336.3 1 0
github.com/adibhanna/modbus-go/client.go:338.2,339.16 2 1
github.com/adibhanna/modbus-go/client.go:339.16,341.3 1 0
github.com/adibhanna/modbus-go/client.go:343.2,343.75 1 1
github.com/adibhanna/modbus-go/client.go:348.71,350.16 2 1
github.com/adibhanna/modbus-go/client.go:350.16,352.3 1 0
github.com/adibhanna/modbus-go/client.go:354.2,355.16 2 1
github.com/adibhanna/modbus-go/client.go:355.16,357.3 1 0
github.com/adibhanna/modbus-go/client.go:359.2,359.72 1 1
github.com/adibhanna/modbus-go/client.go:363.74,365.16 2 0
github.com/adibhanna/modbus-go/client.go:365.16,367.3 1 0
github.com/adibhanna/modbus-go/client.go:369.2,370.16 2 0
github.com/adibhanna/modbus-go/client.go:370.16,372.3 1 0
github.com/adibhanna/modbus-go/client.go:374.2,374.45 1 0
github.com/adibhanna/modbus-go/client.go:378.55,380.16 2 0
github.com/adibhanna/modbus-go/client.go:380.16,382.3 1 0
github.com/adibhanna/modbus-go/client.go:384.2,385.16 2 0
github.com/adibhanna/modbus-go/client.go:385.16,387.3 1 0
github.com/adibhanna/modbus-go/client.go:389.2,389.51 1 0
github.com/adibhanna/modbus-go/client.go:393.86,395.16 2 0
github.com/adibhanna/modbus-go/client.go:395.16,397.3 1 0
github.com/adibhanna/modbus-go/client.go:399.2,400.16 2 0
github.com/adibhanna/modbus-go/client.go:400.16,402.3 1 0
github.com/adibhanna/modbus-go/client.go:404.2,404.42 1 0
github.com/adibhanna/modbus-go/client.go:408.86,410.16 2 0
github.com/adibhanna/modbus-go/client.go:410.16,412.3 1 0
github.com/adibhanna/modbus-go/client.go:414.2,415.16 2 0
github.com/adibhanna/modbus-go/client.go:415.16,417.3 1 0
github.com/adibhanna/modbus-go/client.go:419.2,419.51 1 0
github.com/adibhanna/modbus-go/client.go:423.118,425.16 2 0
github.com/adibhanna/modbus-go/client.go:425.16,427.3 1 0
github.com/adibhanna/modbus-go/client.go:429.2,430.16 2 0
github.com/adibhanna/modbus-go/client.go:430.16,432.3 1 0
github.com/adibhanna/modbus-go/client.go:434.2,434.47 1 0
github.com/adibhanna/modbus-go/client.go:438.51,440.16 2 0
github.com/adibhanna/modbus-go/client.go:440.16,442.3 1 0
github.com/adibhanna/modbus-go/client.go:444.2,445.16 2 0
github.com/adibhanna/modbus-go/client.go:445.16,447.3 1 0
github.com/adibhanna/modbus-go/client.go:449.2,449.46 1 0
github.com/adibhanna/modbus-go/client.go:453.91,455.16 2 0
github.com/adibhanna/modbus-go/client.go:455.16,457.3 1 0
github.com/adibhanna/modbus-go/client.go:459.2,460.16 2 0
github.com/adibhanna/modbus-go/client.go:460.16,462.3 1 0
github.com/adibhanna/modbus-go/client.go:464.2,464.55 1 0
github.com/adibhanna/modbus-go/client.go:468.69,470.16 2 0
github.com/adibhanna/modbus-go/client.go:470.16,472.3 1 0
github.com/adibhanna/modbus-go/client.go:474.2,475.16 2 0
github.com/adibhanna/modbus-go/client.go:475.16,477.3 1 0
github.com/adibhanna/modbus-go/client.go:479.2,479.47 1 0
github.com/adibhanna/modbus-go/client.go:483.126,485.16 2 1
github.com/adibhanna/modbus-go/client.go:485.16,487.3 1 0
github.com/adibhanna/modbus-go/client.go:489.2,490.16 2 1
github.com/adibhanna/modbus-go/client.go:490.16,492.3 1 0
github.com/adibhanna/modbus-go/client.go:494.2,494.56 1 1
github.com/adibhanna/modbus-go/client.go:498.34,500.2 1 0
github.com/adibhanna/modbus-go/client.go:505.85,507.16 2 0
github.com/adibhanna/modbus-go/client.go:507.16,509.3 1 0
github.com/adibhanna/modbus-go/client.go:511.2,511.29 1 0
github.com/adibhanna/modbus-go/client.go:515.91,517.16 2 0
github.com/adibhanna/modbus-go/client.go:517.16,519.3 1 0
github.com/adibhanna/modbus-go/client.go:521.2,521.29 1 0
github.com/adibhanna/modbus-go/client.go:525.91,527.16 2 0
github.com/adibhanna/modbus-go/client.go:527.16,529.3 1 0
github.com/adibhanna/modbus-go/client.go:531.2,531.29 1 0
github.com/adibhanna/modbus-go/client.go:535.97,537.16 2 0
github.com/adibhanna/modbus-go/client.go:537.16,539.3 1 0
github.com/adibhanna/modbus-go/client.go:541.2,541.29 1 0
github.com/adibhanna/modbus-go/client.go:545.56,546.32 1 0
github.com/adibhanna/modbus-go/client.go:546.32,547.22 1 0
github.com/adibhanna/modbus-go/client.go:547.22,548.38 1 0
github.com/adibhanna/modbus-go/client.go:548.38,550.5 1 0
github.com/adibhanna/modbus-go/client.go:551.9,553.4 1 0
github.com/adibhanna/modbus-go/client.go:557.2,560.16 2 0
github.com/adibhanna/modbus-go/client.go:560.16,564.3 1 0
github.com/adibhanna/modbus-go/client.go:565.2,565.12 1 0
github.com/adibhanna/modbus-go/server.go:38.111,50.2 1 13
github.com/adibhanna/modbus-go/server.go:53.105,60.38 5 8
github.com/adibhanna/modbus-go/server.go:60.38,63.3 1 2
github.com/adibhanna/modbus-go/server.go:65.2,67.20 3 6
github.com/adibhanna/modbus-go/server.go:71.85,78.38 5 4
github.com/adibhanna/modbus-go/server.go:78.38,81.3 1 1
github.com/adibhanna/modbus-go/server.go:83.2,84.12 2 3
github.com/adibhanna/modbus-go/server.go:88.114,95.47 5 1
github.com/adibhanna/modbus-go/server.go:95.47,98.3 1 0
github.com/adibhanna/modbus-go/server.go:100.2,102.20 3 1
github.com/adibhanna/modbus-go/server.go:106.118,113.49 5 15
github.com/adibhanna/modbus-go/server.go:113.49,116.3 1 0
github.com/adibhanna/modbus-go/server.go:118.2,120.20 3 15
github.com/adibhanna/modbus-go/server.go:124.98,131.49 5 10
github.com/adibhanna/modbus-go/server.go:131.49,134.3 1 0
github.com/adibhanna/modbus-go/server.go:136.2,137.12 2 10
github.com/adibhanna/modbus-go/server.go:141.116,148.47 5 1
github.com/adibhanna/modbus-go/server.go:148.47,151.3 1 0
github.com/adibhanna/modbus-go/server.go:153.2,155.20 3 1
github.com/adibhanna/modbus-go/server.go:159.79,163.35 3 16
github.com/adibhanna/modbus-go/server.go:163.35,165.3 1 0
github.com/adibhanna/modbus-go/server.go:167.2,168.12 2 16
github.com/adibhanna/modbus-go/server.go:172.88,176.44 3 3
github.com/adibhanna/modbus-go/server.go:176.44,178.3 1 0
github.com/adibhanna/modbus-go/server.go:180.2,181.12 2 3
github.com/adibhanna/modbus-go/server.go:185.92,189.46 3 18
github.com/adibhanna/modbus-go/server.go:189.46,191.3 1 0
github.com/adibhanna/modbus-go/server.go:193.2,194.12 2 18
github.com/adibhanna/modbus-go/server.go:198.90,202.44 3 2
github.com/adibhanna/modbus-go/server.go:202.44,204.3 1 0
github.com/adibhanna/modbus-go/server.go:206.2,207.12 2 2
github.com/adibhanna/modbus-go/server.go:211.103,216.33 4 1
github.com/adibhanna/modbus-go/server.go:216.33,217.60 1 1
github.com/adibhanna/modbus-go/server.go:217.60,220.4 1 0
github.com/adibhanna/modbus-go/server.go:222.3,223.14 2 1
github.com/adibhanna/modbus-go/server.go:223.14,226.4 1 0
github.com/adibhanna/modbus-go/server.go:228.3,229.63 2 1
github.com/adibhanna/modbus-go/server.go:229.63,232.4 1 0
github.com/adibhanna/modbus-go/server.go:234.3,242.40 3 1
github.com/adibhanna/modbus-go/server.go:245.2,245.20 1 1
github.com/adibhanna/modbus-go/server.go:249.81,253.33 3 1
github.com/adibhanna/modbus-go/server.go:253.33,254.60 1 1
github.com/adibhanna/modbus-go/server.go:254.60,257.4 1 0
github.com/adibhanna/modbus-go/server.go:259.3,260.14 2 1
github.com/adibhanna/modbus-go/server.go:260.14,263.4 2 1
github.com/adibhanna/modbus-go/server.go:265.3,266.56 2 1
github.com/adibhanna/modbus-go/server.go:269.2,269.12 1 1
github.com/adibhanna/modbus-go/server.go:273.85,278.13 4 2
github.com/adibhanna/modbus-go/server.go:278.13,281.3 1 1
github.com/adibhanna/modbus-go/server.go:284.2,286.20 3 1
github.com/adibhanna/modbus-go/server.go:290.91,294.39 3 1
github.com/adibhanna/modbus-go/server.go:294.39,297.3 1 0
github.com/adibhanna/modbus-go/server.go:299.2,301.12 3 1
github.com/adibhanna/modbus-go/server.go:305.66,309.2 3 1
github.com/adibhanna/modbus-go/server.go:312.62,316.2 3 1
github.com/adibhanna/modbus-go/server.go:319.96,323.21 3 1
github.com/adibhanna/modbus-go/server.go:324.37,326.19 1 1
github.com/adibhanna/modbus-go/server.go:328.39,332.19 3 0
github.com/adibhanna/modbus-go/server.go:334.40,339.21 4 0
github.com/adibhanna/modbus-go/server.go:341.35,344.19 2 0
github.com/adibhanna/modbus-go/server.go:346.43,347.66 1 0
github.com/adibhanna/modbus-go/server.go:349.45,350.68 1 0
github.com/adibhanna/modbus-go/server.go:352.45,353.68 1 0
github.com/adibhanna/modbus-go/server.go:355.46,356.69 1 0
github.com/adibhanna/modbus-go/server.go:358.45,359.68 1 0
github.com/adibhanna/modbus-go/server.go:361.42,362.65 1 0
github.com/adibhanna/modbus-go/server.go:364.43,365.66 1 0
github.com/adibhanna/modbus-go/server.go:367.47,368.70 1 0
github.com/adibhanna/modbus-go/server.go:370.10,372.71 1 0
github.com/adibhanna/modbus-go/server.go:377.75,386.2 5 1
github.com/adibhanna/modbus-go/server.go:389.87,403.2 8 1
github.com/adibhanna/modbus-go/server.go:406.72,410.17 3 4
github.com/adibhanna/modbus-go/server.go:411.20,412.38 1 3
github.com/adibhanna/modbus-go/server.go:413.22,414.40 1 0
github.com/adibhanna/modbus-go/server.go:415.22,416.40 1 0
github.com/adibhanna/modbus-go/server.go:417.23,418.41 1 1
github.com/adibhanna/modbus-go/server.go:419.22,420.40 1 0
github.com/adibhanna/modbus-go/server.go:421.19,422.37 1 0
github.com/adibhanna/modbus-go/server.go:423.20,424.38 1 0
github.com/adibhanna/modbus-go/server.go:425.24,426.42 1 0
github.com/adibhanna/modbus-go/server.go:437.80,447.2 1 11
github.com/adibhanna/modbus-go/server.go:450.97,452.2 1 1
github.com/adibhanna/modbus-go/server.go:455.102,456.26 1 32
github.com/adibhanna/modbus-go/server.go:457.32,458.32 1 5
github.com/adibhanna/modbus-go/server.go:459.41,460.41 1 0
github.com/adibhanna/modbus-go/server.go:461.43,462.43 1 6
github.com/adibhanna/modbus-go/server.go:463.41,464.41 1 0
github.com/adibhanna/modbus-go/server.go:465.38,466.38 1 2
github.com/adibhanna/modbus-go/server.go:467.42,468.42 1 2
github.com/adibhanna/modbus-go/server.go:469.41,470.41 1 0
github.com/adibhanna/modbus-go/server.go:471.45,472.45 1 3
github.com/adibhanna/modbus-go/server.go:473.40,474.40 1 2
github.com/adibhanna/modbus-go/server.go:475.44,476.49 1 2
github.com/adibhanna/modbus-go/server.go:477.42,478.42 1 1
github.com/adibhanna/modbus-go/server.go:479.33,480.33 1 1
github.com/adibhanna/modbus-go/server.go:481.42,482.42 1 1
github.com/adibhanna/modbus-go/server.go:483.38,484.38 1 1
github.com/adibhanna/modbus-go/server.go:485.37,486.37 1 1
github.com/adibhanna/modbus-go/server.go:487.37,488.37 1 0
github.com/adibhanna/modbus-go/server.go:489.38,490.38 1 0
github.com/adibhanna/modbus-go/server.go:491.36,492.36 1 2
github.com/adibhanna/modbus-go/server.go:493.44,494.44 1 2
github.com/adibhanna/modbus-go/server.go:495.10,496.89 1 1
github.com/adibhanna/modbus-go/server.go:501.80,502.24 1 5
github.com/adibhanna/modbus-go/server.go:502.24,504.3 1 1
github.com/adibhanna/modbus-go/server.go:506.2,510.16 4 4
github.com/adibhanna/modbus-go/server.go:510.16,512.33 2 1
github.com/adibhanna/modbus-go/server.go:512.33,514.4 1 1
github.com/adibhanna/modbus-go/server.go:515.3,515.93 1 0
github.com/adibhanna/modbus-go/server.go:518.2,523.56 5 3
github.com/adibhanna/modbus-go/server.go:527.89,528.24 1 0
github.com/adibhanna/modbus-go/server.go:528.24,530.3 1 0
github.com/adibhanna/modbus-go/server.go:532.2,536.16 4 0
github.com/adibhanna/modbus-go/server.go:536.16,538.33 2 0
github.com/adibhanna/modbus-go/server.go:538.33,540.4 1 0
github.com/adibhanna/modbus-go/server.go:541.3,541.93 1 0
github.com/adibhanna/modbus-go/server.go:544.2,549.56 5 0
github.com/adibhanna/modbus-go/server.go:553.91,554.24 1 6
github.com/adibhanna/modbus-go/server.go:554.24,556.3 1 0
github.com/adibhanna/modbus-go/server.go:558.2,562.16 4 6
github.com/adibhanna/modbus-go/server.go:562.16,564.33 2 0
github.com/adibhanna/modbus-go/server.go:564.33,566.4 1 0
github.com/adibhanna/modbus-go/server.go:567.3,567.93 1 0
github.com/adibhanna/modbus-go/server.go:570.2,575.56 5 6
github.com/adibhanna/modbus-go/server.go:579.89,580.24 1 0
github.com/adibhanna/modbus-go/server.go:580.24,582.3 1 0
github.com/adibhanna/modbus-go/server.go:584.2,588.16 4 0
github.com/adibhanna/modbus-go/server.go:588.16,590.33 2 0
github.com/adibhanna/modbus-go/server.go:590.33,592.4 1 0
github.com/adibhanna/modbus-go/server.go:593.3,593.93 1 0
github.com/adibhanna/modbus-go/server.go:596.2,601.56 5 0
github.com/adibhanna/modbus-go/server.go:605.86,606.24 1 2
github.com/adibhanna/modbus-go/server.go:606.24,608.3 1 0
github.com/adibhanna/modbus-go/server.go:610.2,614.55 3 2
github.com/adibhanna/modbus-go/server.go:614.55,616.3 1 0
github.com/adibhanna/modbus-go/server.go:618.2,620.16 3 2
github.com/adibhanna/modbus-go/server.go:620.16,622.33 2 0
github.com/adibhanna/modbus-go/server.go:622.33,624.4 1 0
github.com/adibhanna/modbus-go/server.go:625.3,625.93 1 0
github.com/adibhanna/modbus-go/server.go:629.2,629.52 1 2
github.com/adibhanna/modbus-go/server.go:633.90,634.24 1 2
github.com/adibhanna/modbus-go/server.go:634.24,636.3 1 0
github.com/adibhanna/modbus-go/server.go:638.2,642.16 4 2
github.com/adibhanna/modbus-go/server.go:642.16,644.33 2 0
github.com/adibhanna/modbus-go/server.go:644.33,646.4 1 0
github.com/adibhanna/modbus-go/server.go:647.3,647.93 1 0
github.com/adibhanna/modbus-go/server.go:651.2,651.52 1 2
github.com/adibhanna/modbus-go/server.go:655.89,656.23 1 0
github.com/adibhanna/modbus-go/server.go:656.23,658.3 1 0
github.com/adibhanna/modbus-go/server.go:660.2,664.39 4 0
github.com/adibhanna/modbus-go/server.go:664.39,666.3 1 0
github.com/adibhanna/modbus-go/server.go:668.2,670.16 3 0
github.com/adibhanna/modbus-go/server.go:670.16,672.33 2 0
github.com/adibhanna/modbus-go/server.go:672.33,674.4 1 0
github.com/adibhanna/modbus-go/server.go:675.3,675.93 1 0
github.com/adibhanna/modbus-go/server.go:679.2,683.56 4 0
github.com/adibhanna/modbus-go/server.go:687.93,688.23 1 3
github.com/adibhanna/modbus-go/server.go:688.23,690.3 1 0
github.com/adibhanna/modbus-go/server.go:692.2,696.76 4 3
github.com/adibhanna/modbus-go/server.go:696.76,698.3 1 0
github.com/adibhanna/modbus-go/server.go:700.2,701.16 2 3
github.com/adibhanna/modbus-go/server.go:701.16,703.3 1 0
github.com/adibhanna/modbus-go/server.go:705.2,706.16 2 3
github.com/adibhanna/modbus-go/server.go:706.16,708.33 2 0
github.com/adibhanna/modbus-go/server.go:708.33,710.4 1 0
github.com/adibhanna/modbus-go/server.go:711.3,711.93 1 0
github.com/adibhanna/modbus-go/server.go:715.2,719.56 4 3
github.com/adibhanna/modbus-go/server.go:723.88,724.24 1 2
github.com/adibhanna/modbus-go/server.go:724.24,726.3 1 0
github.com/adibhanna/modbus-go/server.go:728.2,734.16 5 2
github.com/adibhanna/modbus-go/server.go:734.16,736.33 2 0
github.com/adibhanna/modbus-go/server.go:736.33,738.4 1 0
github.com/adibhanna/modbus-go/server.go:739.3,739.93 1 0
github.com/adibhanna/modbus-go/server.go:743.2,748.16 4 2
github.com/adibhanna/modbus-go/server.go:748.16,750.33 2 0
github.com/adibhanna/modbus-go/server.go:750.33,752.4 1 0
github.com/adibhanna/modbus-go/server.go:753.3,753.93 1 0
github.com/adibhanna/modbus-go/server.go:757.2,757.52 1 2
github.com/adibhanna/modbus-go/server.go:761.97,762.23 1 2
github.com/adibhanna/modbus-go/server.go:762.23,764.3 1 0
github.com/adibhanna/modbus-go/server.go:766.2,772.91 6 2
github.com/adibhanna/modbus-go/server.go:772.91,774.3 1 0
github.com/adibhanna/modbus-go/server.go:777.2,778.16 2 2
github.com/adibhanna/modbus-go/server.go:778.16,780.3 1 0
github.com/adibhanna/modbus-go/server.go:782.2,783.16 2 2
github.com/adibhanna/modbus-go/server.go:783.16,785.33 2 0
github.com/adibhanna/modbus-go/server.go:785.33,787.4 1 0
github.com/adibhanna/modbus-go/server.go:788.3,788.93 1 0
github.com/adibhanna/modbus-go/server.go:792.2,793.16 2 2
github.com/adibhanna/modbus-go/server.go:793.16,795.33 2 0
github.com/adibhanna/modbus-go/server.go:795.33,797.4 1 0
github.com/adibhanna/modbus-go/server.go:798.3,798.93 1 0
github.com/adibhanna/modbus-go/server.go:801.2,806.56 5 2
github.com/adibhanna/modbus-go/server.go:810.92,811.23 1 2
github.com/adibhanna/modbus-go/server.go:811.23,813.3 1 0
github.com/adibhanna/modbus-go/server.go:815.2,816.17 2 2
github.com/adibhanna/modbus-go/server.go:817.42,818.47 1 2
github.com/adibhanna/modbus-go/server.go:819.10,820.89 1 0
github.com/adibhanna/modbus-go/server.go:825.95,826.23 1 2
github.com/adibhanna/modbus-go/server.go:826.23,828.3 1 0
github.com/adibhanna/modbus-go/server.go:830.2,860.56 14 2
github.com/adibhanna/modbus-go/server.go:864.90,866.16 2 1
github.com/adibhanna/modbus-go/server.go:866.16,868.33 2 0
github.com/adibhanna/modbus-go/server.go:868.33,870.4 1 0
github.com/adibhanna/modbus-go/server.go:871.3,871.93 1 0
github.com/adibhanna/modbus-go/server.go:874.2,874.58 1 1
github.com/adibhanna/modbus-go/server.go:878.81,879.23 1 1
github.com/adibhanna/modbus-go/server.go:879.23,881.3 1 0
github.com/adibhanna/modbus-go/server.go:883.2,885.23 3 1
github.com/adibhanna/modbus-go/server.go:885.23,887.3 1 1
github.com/adibhanna/modbus-go/server.go:889.2,890.16 2 1
github.com/adibhanna/modbus-go/server.go:890.16,892.33 2 0
github.com/adibhanna/modbus-go/server.go:892.33,894.4 1 0
github.com/adibhanna/modbus-go/server.go:895.3,895.93 1 0
github.com/adibhanna/modbus-go/server.go:898.2,902.56 4 1
github.com/adibhanna/modbus-go/server.go:906.90,908.16 2 1
github.com/adibhanna/modbus-go/server.go:908.16,910.33 2 0
github.com/adibhanna/modbus-go/server.go:910.33,912.4 1 0
github.com/adibhanna/modbus-go/server.go:913.3,913.93 1 0
github.com/adibhanna/modbus-go/server.go:916.2,920.56 4 1
github.com/adibhanna/modbus-go/server.go:924.86,926.16 2 1
github.com/adibhanna/modbus-go/server.go:926.16,928.33 2 0
github.com/adibhanna/modbus-go/server.go:928.33,930.4 1 0
github.com/adibhanna/modbus-go/server.go:931.3,931.93 1 0
github.com/adibhanna/modbus-go/server.go:934.2,941.56 7 1
github.com/adibhanna/modbus-go/server.go:945.85,956.2 7 1
github.com/adibhanna/modbus-go/server.go:959.85,960.23 1 0
github.com/adibhanna/modbus-go/server.go:960.23,962.3 1 0
github.com/adibhanna/modbus-go/server.go:964.2,965.39 2 0
github.com/adibhanna/modbus-go/server.go:965.39,967.3 1 0
github.com/adibhanna/modbus-go/server.go:970.2,972.29 3 0
github.com/adibhanna/modbus-go/server.go:972.29,973.31 1 0
github.com/adibhanna/modbus-go/server.go:973.31,975.4 1 0
github.com/adibhanna/modbus-go/server.go:977.3,984.14 3 0
github.com/adibhanna/modbus-go/server.go:988.2,989.16 2 0
github.com/adibhanna/modbus-go/server.go:989.16,991.33 2 0
github.com/adibhanna/modbus-go/server.go:991.33,993.4 1 0
github.com/adibhanna/modbus-go/server.go:994.3,994.93 1 0
github.com/adibhanna/modbus-go/server.go:998.2,999.39 2 0
github.com/adibhanna/modbus-go/server.go:999.39,1006.3 6 0
github.com/adibhanna/modbus-go/server.go:1008.2,1012.56 4 0
github.com/adibhanna/modbus-go/server.go:1016.86,1017.23 1 0
github.com/adibhanna/modbus-go/server.go:1017.23,1019.3 1 0
github.com/adibhanna/modbus-go/server.go:1021.2,1022.39 2 0
github.com/adibhanna/modbus-go/server.go:1022.39,1024.3 1 0
github.com/adibhanna/modbus-go/server.go:1027.2,1029.29 3 0
github.com/adibhanna/modbus-go/server.go:1029.29,1030.31 1 0
github.com/adibhanna/modbus-go/server.go:1030.31,1032.4 1 0
github.com/adibhanna/modbus-go/server.go:1034.3,1043.45 3 0
github.com/adibhanna/modbus-go/server.go:1043.45,1045.4 1 0
github.com/adibhanna/modbus-go/server.go:1047.3,1048.17 2 0
github.com/adibhanna/modbus-go/server.go:1048.17,1050.4 1 0
github.com/adibhanna/modbus-go/server.go:1051.3,1054.30 3 0
github.com/adibhanna/modbus-go/server.go:1058.2,1059.16 2 0
github.com/adibhanna/modbus-go/server.go:1059.16,1061.33 2 0
github.com/adibhanna/modbus-go/server.go:1061.33,1063.4 1 0
github.com/adibhanna/modbus-go/server.go:1064.3,1064.93 1 0
github.com/adibhanna/modbus-go/server.go:1068.2,1068.52 1 0
github.com/adibhanna/modbus-go/server.go:1072.84,1073.24 1 2
github.com/adibhanna/modbus-go/server.go:1073.24,1075.3 1 0
github.com/adibhanna/modbus-go/server.go:1077.2,1080.16 3 2
github.com/adibhanna/modbus-go/server.go:1080.16,1082.33 2 0
github.com/adibhanna/modbus-go/server.go:1082.33,1084.4 1 0
github.com/adibhanna/modbus-go/server.go:1085.3,1085.93 1 0
github.com/adibhanna/modbus-go/server.go:1088.2,1088.39 1 2
github.com/adibhanna/modbus-go/server.go:1088.39,1090.3 1 0
github.com/adibhanna/modbus-go/server.go:1092.2,1100.56 7 2
github.com/adibhanna/modbus-go/server.go:1104.93,1107.2 2 2
github.com/adibhanna/modbus-go/config/config.go:24.52,26.2 1 0
github.com/adibhanna/modbus-go/config/config.go:29.55,31.2 1 0
github.com/adibhanna/modbus-go/config/config.go:34.62,36.2 1 0
github.com/adibhanna/modbus-go/config/config.go:46.52,48.2 1 0
github.com/adibhanna/modbus-go/config/config.go:57.52,59.2 1 0
github.com/adibhanna/modbus-go/config/config.go:62.54,64.2 1 0
github.com/adibhanna/modbus-go/config/config.go:74.58,75.41 1 0
github.com/adibhanna/modbus-go/config/config.go:75.41,76.26 1 0
github.com/adibhanna/modbus-go/config/config.go:76.26,78.4 1 0
github.com/adibhanna/modbus-go/config/config.go:80.2,80.14 1 0
github.com/adibhanna/modbus-go/config/config.go:84.63,86.66 2 0
github.com/adibhanna/modbus-go/config/config.go:86.66,89.3 2 0
github.com/adibhanna/modbus-go/config/config.go:90.2,90.67 1 0
github.com/adibhanna/modbus-go/config/config.go:94.68,96.69 2 0
github.com/adibhanna/modbus-go/config/config.go:96.69,99.3 2 0
github.com/adibhanna/modbus-go/config/config.go:100.2,100.72 1 0
github.com/adibhanna/modbus-go/config/config.go:104.55,106.57 2 0
github.com/adibhanna/modbus-go/config/config.go:106.57,109.3 2 0
github.com/adibhanna/modbus-go/config/config.go:110.2,110.60 1 0
github.com/adibhanna/modbus-go/config/config.go:162.62,163.67 1 0
github.com/adibhanna/modbus-go/config/config.go:163.67,165.3 1 0
github.com/adibhanna/modbus-go/config/config.go:166.2,166.68 1 0
github.com/adibhanna/modbus-go/config/config.go:170.39,172.16 2 0
github.com/adibhanna/modbus-go/config/config.go:172.16,174.3 1 0
github.com/adibhanna/modbus-go/config/config.go:177.2,180.36 2 0
github.com/adibhanna/modbus-go/config/config.go:180.36,182.3 1 0
github.com/adibhanna/modbus-go/config/config.go:184.2,204.12 5 0
github.com/adibhanna/modbus-go/config/config.go:208.53,210.22 1 0
github.com/adibhanna/modbus-go/config/config.go:210.22,212.3 1 0
github.com/adibhanna/modbus-go/config/config.go:214.2,215.16 2 0
github.com/adibhanna/modbus-go/config/config.go:215.16,217.3 1 0
github.com/adibhanna/modbus-go/config/config.go:219.2,220.54 2 0
github.com/adibhanna/modbus-go/config/config.go:220.54,222.3 1 0
github.com/adibhanna/modbus-go/config/config.go:225.2,225.46 1 0
github.com/adibhanna/modbus-go/config/config.go:225.46,227.3 1 0
github.com/adibhanna/modbus-go/config/config.go:229.2,229.21 1 0
github.com/adibhanna/modbus-go/config/config.go:233.30,235.50 1 0
github.com/adibhanna/modbus-go/config/config.go:235.50,237.3 1 0
github.com/adibhanna/modbus-go/config/config.go:240.2,241.6 2 0
github.com/adibhanna/modbus-go/config/config.go:241.6,243.48 2 0
github.com/adibhanna/modbus-go/config/config.go:243.48,245.4 1 0
github.com/adibhanna/modbus-go/config/config.go:247.3,248.20 2 0
github.com/adibhanna/modbus-go/config/config.go:248.20,249.9 1 0
github.com/adibhanna/modbus-go/config/config.go:251.3,251.15 1 0
github.com/adibhanna/modbus-go/config/config.go:254.2,254.22 1 0
github.com/adibhanna/modbus-go/config/config.go:258.54,260.16 2 0
github.com/adibhanna/modbus-go/config/config.go:260.16,262.3 1 0
github.com/adibhanna/modbus-go/config/config.go:264.2,265.16 2 0
github.com/adibhanna/modbus-go/config/config.go:265.16,267.3 1 0
github.com/adibhanna/modbus-go/config/config.go:269.2,269.12 1 0
github.com/adibhanna/modbus-go/config/config.go:273.30,301.2 1 0
github.com/adibhanna/modbus-go/pdu/pdu.go:17.65,22.2 1 0
github.com/adibhanna/modbus-go/pdu/pdu.go:25.30,30.2 4 0
github.com/adibhanna/modbus-go/pdu/pdu.go:33.26,35.2 1 0
github.com/adibhanna/modbus-go/pdu/pdu.go:38.34,40.2 1 0
github.com/adibhanna/modbus-go/pdu/pdu.go:43.64,44.22 1 0
github.com/adibhanna/modbus-go/pdu/pdu.go:44.22,46.3 1 0
github.com/adibhanna/modbus-go/pdu/pdu.go:47.2,47.21 1 0
github.com/adibhanna/modbus-go/pdu/pdu.go:47.21,49.3 1 0
github.com/adibhanna/modbus-go/pdu/pdu.go:50.2,50.45 1 0
github.com/adibhanna/modbus-go/pdu/pdu.go:54.42,55.19 1 0
github.com/adibhanna/modbus-go/pdu/pdu.go:55.19,57.3 1 0
github.com/adibhanna/modbus-go/pdu/pdu.go:59.2,66.8 4 0
github.com/adibhanna/modbus-go/pdu/pdu.go:70.100,75.2 1 0
github.com/adibhanna/modbus-go/pdu/pdu.go:83.73,87.2 1 0
github.com/adibhanna/modbus-go/pdu/pdu.go:95.75,99.2 1 0
github.com/adibhanna/modbus-go/pdu/pdu.go:102.107,106.2 1 0
github.com/adibhanna/modbus-go/pdu/pdu.go:111.40,115.2 3 0
github.com/adibhanna/modbus-go/pdu/pdu.go:118.48,119.19 1 0
github.com/adibhanna/modbus-go/pdu/pdu.go:119.19,121.3 1 0
github.com/adibhanna/modbus-go/pdu/pdu.go:122.2,122.43 1 0
github.com/adibhanna/modbus-go/pdu/pdu.go:126.48,128.31 2 0
github.com/adibhanna/modbus-go/pdu/pdu.go:128.31,130.3 1 0
github.com/adibhanna/modbus-go/pdu/pdu.go:131.2,131.12 1 0
github.com/adibhanna/modbus-go/pdu/pdu.go:135.55,136.22 1 0
github.com/adibhanna/modbus-go/pdu/pdu.go:136.22,138.3 1 0
github.com/adibhanna/modbus-go/pdu/pdu.go:140.2,143.29 3 0
github.com/adibhanna/modbus-go/pdu/pdu.go:143.29,145.3 1 0
github.com/adibhanna/modbus-go/pdu/pdu.go:147.2,147.20 1 0
github.com/adibhanna/modbus-go/pdu/pdu.go:151.44,152.22 1 0
github.com/adibhanna/modbus-go/pdu/pdu.go:152.22,154.3 1 0
github.com/adibhanna/modbus-go/pdu/pdu.go:157.2,160.31 3 0
github.com/adibhanna/modbus-go/pdu/pdu.go:160.31,161.12 1 0
github.com/adibhanna/modbus-go/pdu/pdu.go:161.12,165.4 3 0
github.com/adibhanna/modbus-go/pdu/pdu.go:168.2,168.15 1 0
github.com/adibhanna/modbus-go/pdu/pdu.go:172.53,175.48 2 0
github.com/adibhanna/modbus-go/pdu/pdu.go:175.48,179.3 3 0
github.com/adibhanna/modbus-go/pdu/pdu.go:181.2,181.15 1 0
github.com/adibhanna/modbus-go/pdu/pdu.go:185.89,186.22 1 0
github.com/adibhanna/modbus-go/pdu/pdu.go:187.67,188.53 1 0
github.com/adibhanna/modbus-go/pdu/pdu.go:188.53,191.4 1 0
github.com/adibhanna/modbus-go/pdu/pdu.go:192.78,193.59 1 0
github.com/adibhanna/modbus-go/pdu/pdu.go:193.59,196.4 1 0
github.com/adibhanna/modbus-go/pdu/pdu.go:197.41,198.62 1 0
github.com/adibhanna/modbus-go/pdu/pdu.go:198.62,201.4 1 0
github.com/adibhanna/modbus-go/pdu/pdu.go:202.45,203.61 1 0
github.com/adibhanna/modbus-go/pdu/pdu.go:203.61,206.4 1 0
github.com/adibhanna/modbus-go/pdu/pdu.go:208.2,208.12 1 0
github.com/adibhanna/modbus-go/pdu/pdu.go:212.78,213.48 1 0
github.com/adibhanna/modbus-go/pdu/pdu.go:213.48,216.3 1 0
github.com/adibhanna/modbus-go/pdu/pdu.go:217.2,217.12 1 0
github.com/adibhanna/modbus-go/pdu/requests.go:10.91,11.77 1 0
github.com/adibhanna/modbus-go/pdu/requests.go:11.77,13.3 1 0
github.com/adibhanna/modbus-go/pdu/requests.go:14.2,14.59 1 0
github.com/adibhanna/modbus-go/pdu/requests.go:14.59,16.3 1 0
github.com/adibhanna/modbus-go/pdu/requests.go:18.2,22.56 4 0
github.com/adibhanna/modbus-go/pdu/requests.go:26.100,27.86 1 0
github.com/adibhanna/modbus-go/pdu/requests.go:27.86,29.3 1 0
github.com/adibhanna/modbus-go/pdu/requests.go:30.2,30.59 1 0
github.com/adibhanna/modbus-go/pdu/requests.go:30.59,32.3 1 0
github.com/adibhanna/modbus-go/pdu/requests.go:34.2,38.65 4 0
github.com/adibhanna/modbus-go/pdu/requests.go:42.102,43.88 1 0
github.com/adibhanna/modbus-go/pdu/requests.go:43.88,45.3 1 0
github.com/adibhanna/modbus-go/pdu/requests.go:46.2,46.59 1 0
github.com/adibhanna/modbus-go/pdu/requests.go:46.59,48.3 1 0
github.com/adibhanna/modbus-go/pdu/requests.go:50.2,54.67 4 0
github.com/adibhanna/modbus-go/pdu/requests.go:58.100,59.86 1 0
github.com/adibhanna/modbus-go/pdu/requests.go:59.86,61.3 1 0
github.com/adibhanna/modbus-go/pdu/requests.go:62.2,62.59 1 0
github.com/adibhanna/modbus-go/pdu/requests.go:62.59,64.3 1 0
github.com/adibhanna/modbus-go/pdu/requests.go:66.2,70.65 4 0
github.com/adibhanna/modbus-go/pdu/requests.go:74.83,76.11 2 0
github.com/adibhanna/modbus-go/pdu/requests.go:76.11,78.3 1 0
github.com/adibhanna/modbus-go/pdu/requests.go:80.2,84.62 4 0
github.com/adibhanna/modbus-go/pdu/requests.go:88.89,94.2 4 0
github.com/adibhanna/modbus-go/pdu/requests.go:97.89,99.86 2 0
github.com/adibhanna/modbus-go/pdu/requests.go:99.86,101.3 1 0
github.com/adibhanna/modbus-go/pdu/requests.go:102.2,102.59 1 0
github.com/adibhanna/modbus-go/pdu/requests.go:102.59,104.3 1 0
github.com/adibhanna/modbus-go/pdu/requests.go:106.2,115.65 8 0
github.com/adibhanna/modbus-go/pdu/requests.go:119.95,121.90 2 0
github.com/adibhanna/modbus-go/pdu/requests.go:121.90,123.3 1 0
github.com/adibhanna/modbus-go/pdu/requests.go:124.2,124.59 1 0
github.com/adibhanna/modbus-go/pdu/requests.go:124.59,126.3 1 0
github.com/adibhanna/modbus-go/pdu/requests.go:128.2,137.69 8 0
github.com/adibhanna/modbus-go/pdu/requests.go:141.97,148.2 5 0
github.com/adibhanna/modbus-go/pdu/requests.go:152.71,153.64 1 0
github.com/adibhanna/modbus-go/pdu/requests.go:153.64,155.3 1 0
github.com/adibhanna/modbus-go/pdu/requests.go:157.2,158.71 2 0
github.com/adibhanna/modbus-go/pdu/requests.go:158.71,160.3 1 0
github.com/adibhanna/modbus-go/pdu/requests.go:162.2,162.67 1 0
github.com/adibhanna/modbus-go/pdu/requests.go:162.67,164.3 1 0
github.com/adibhanna/modbus-go/pdu/requests.go:165.2,165.69 1 0
github.com/adibhanna/modbus-go/pdu/requests.go:165.69,167.3 1 0
github.com/adibhanna/modbus-go/pdu/requests.go:169.2,180.68 10 0
github.com/adibhanna/modbus-go/pdu/requests.go:184.69,187.2 2 0
github.com/adibhanna/modbus-go/pdu/requests.go:190.53,192.2 1 0
github.com/adibhanna/modbus-go/pdu/requests.go:195.75,200.2 4 0
github.com/adibhanna/modbus-go/pdu/requests.go:203.53,205.2 1 0
github.com/adibhanna/modbus-go/pdu/requests.go:208.49,210.2 1 0
github.com/adibhanna/modbus-go/pdu/requests.go:213.48,215.2 1 0
github.com/adibhanna/modbus-go/pdu/requests.go:218.75,219.23 1 0
github.com/adibhanna/modbus-go/pdu/requests.go:219.23,221.3 1 0
github.com/adibhanna/modbus-go/pdu/requests.go:223.2,224.33 2 0
github.com/adibhanna/modbus-go/pdu/requests.go:224.33,231.3 6 0
github.com/adibhanna/modbus-go/pdu/requests.go:233.2,233.47 1 0
github.com/adibhanna/modbus-go/pdu/requests.go:233.47,236.3 1 0
github.com/adibhanna/modbus-go/pdu/requests.go:238.2,242.65 4 0
github.com/adibhanna/modbus-go/pdu/requests.go:246.76,247.23 1 0
github.com/adibhanna/modbus-go/pdu/requests.go:247.23,249.3 1 0
github.com/adibhanna/modbus-go/pdu/requests.go:251.2,252.33 2 0
github.com/adibhanna/modbus-go/pdu/requests.go:252.33,261.3 8 0
github.com/adibhanna/modbus-go/pdu/requests.go:263.2,263.48 1 0
github.com/adibhanna/modbus-go/pdu/requests.go:263.48,266.3 1 0
github.com/adibhanna/modbus-go/pdu/requests.go:268.2,272.66 4 0
github.com/adibhanna/modbus-go/pdu/requests.go:276.88,283.2 2 0
github.com/adibhanna/modbus-go/pdu/responses.go:10.95,11.24 1 0
github.com/adibhanna/modbus-go/pdu/responses.go:11.24,14.3 2 0
github.com/adibhanna/modbus-go/pdu/responses.go:16.2,16.24 1 0
github.com/adibhanna/modbus-go/pdu/responses.go:16.24,18.3 1 0
github.com/adibhanna/modbus-go/pdu/responses.go:20.2,21.35 2 0
github.com/adibhanna/modbus-go/pdu/responses.go:21.35,24.3 1 0
github.com/adibhanna/modbus-go/pdu/responses.go:26.2,26.67 1 0
github.com/adibhanna/modbus-go/pdu/responses.go:30.104,31.24 1 0
github.com/adibhanna/modbus-go/pdu/responses.go:31.24,34.3 2 0
github.com/adibhanna/modbus-go/pdu/responses.go:36.2,36.24 1 0
github.com/adibhanna/modbus-go/pdu/responses.go:36.24,38.3 1 0
github.com/adibhanna/modbus-go/pdu/responses.go:40.2,41.35 2 0
github.com/adibhanna/modbus-go/pdu/responses.go:41.35,44.3 1 0
github.com/adibhanna/modbus-go/pdu/responses.go:46.2,46.67 1 0
github.com/adibhanna/modbus-go/pdu/responses.go:50.108,51.24 1 0
github.com/adibhanna/modbus-go/pdu/responses.go:51.24,54.3 2 0
github.com/adibhanna/modbus-go/pdu/responses.go:56.2,56.24 1 0
github.com/adibhanna/modbus-go/pdu/responses.go:56.24,58.3 1 0
github.com/adibhanna/modbus-go/pdu/responses.go:60.2,61.35 2 0
github.com/adibhanna/modbus-go/pdu/responses.go:61.35,64.3 1 0
github.com/adibhanna/modbus-go/pdu/responses.go:66.2,66.42 1 0
github.com/adibhanna/modbus-go/pdu/responses.go:66.42,69.3 1 0
github.com/adibhanna/modbus-go/pdu/responses.go:71.2,71.41 1 0
github.com/adibhanna/modbus-go/pdu/responses.go:75.106,76.24 1 0
github.com/adibhanna/modbus-go/pdu/responses.go:76.24,79.3 2 0
github.com/adibhanna/modbus-go/pdu/responses.go:81.2,81.24 1 0
github.com/adibhanna/modbus-go/pdu/responses.go:81.24,83.3 1 0
github.com/adibhanna/modbus-go/pdu/responses.go:85.2,86.35 2 0
github.com/adibhanna/modbus-go/pdu/responses.go:86.35,89.3 1 0
github.com/adibhanna/modbus-go/pdu/responses.go:91.2,91.42 1 0
github.com/adibhanna/modbus-go/pdu/responses.go:91.42,94.3 1 0
github.com/adibhanna/modbus-go/pdu/responses.go:96.2,96.41 1 0
github.com/adibhanna/modbus-go/pdu/responses.go:100.109,101.24 1 0
github.com/adibhanna/modbus-go/pdu/responses.go:101.24,104.3 2 0
github.com/adibhanna/modbus-go/pdu/responses.go:106.2,106.25 1 0
github.com/adibhanna/modbus-go/pdu/responses.go:106.25,108.3 1 0
github.com/adibhanna/modbus-go/pdu/responses.go:110.2,111.16 2 0
github.com/adibhanna/modbus-go/pdu/responses.go:111.16,113.3 1 0
github.com/adibhanna/modbus-go/pdu/responses.go:115.2,116.16 2 0
github.com/adibhanna/modbus-go/pdu/responses.go:116.16,118.3 1 0
github.com/adibhanna/modbus-go/pdu/responses.go:120.2,120.40 1 0
github.com/adibhanna/modbus-go/pdu/responses.go:120.40,123.3 1 0
github.com/adibhanna/modbus-go/pdu/responses.go:125.2,126.19 2 0
github.com/adibhanna/modbus-go/pdu/responses.go:126.19,128.3 1 0
github.com/adibhanna/modbus-go/pdu/responses.go:130.2,130.32 1 0
github.com/adibhanna/modbus-go/pdu/responses.go:130.32,133.3 1 0
github.com/adibhanna/modbus-go/pdu/responses.go:135.2,135.12 1 0
github.com/adibhanna/modbus-go/pdu/responses.go:139.115,140.24 1 0
github.com/adibhanna/modbus-go/pdu/responses.go:140.24,143.3 2 0
github.com/adibhanna/modbus-go/pdu/responses.go:145.2,145.25 1 0
github.com/adibhanna/modbus-go/pdu/responses.go:145.25,147.3 1 0
github.com/adibhanna/modbus-go/pdu/responses.go:149.2,150.16 2 0
github.com/adibhanna/modbus-go/pdu/responses.go:150.16,152.3 1 0
github.com/adibhanna/modbus-go/pdu/responses.go:154.2,155.16 2 0
github.com/adibhanna/modbus-go/pdu/responses.go:155.16,157.3 1 0
github.com/adibhanna/modbus-go/pdu/responses.go:159.2,159.40 1 0
github.com/adibhanna/modbus-go/pdu/responses.go:159.40,162.3 1 0
github.com/adibhanna/modbus-go/pdu/responses.go:164.2,164.28 1 0
github.com/adibhanna/modbus-go/pdu/responses.go:164.28,167.3 1 0
github.com/adibhanna/modbus-go/pdu/responses.go:169.2,169.12 1 0
github.com/adibhanna/modbus-go/pdu/responses.go:173.126,174.24 1 0
github.com/adibhanna/modbus-go/pdu/responses.go:174.24,177.3 2 0
github.com/adibhanna/modbus-go/pdu/responses.go:179.2,179.25 1 0
github.com/adibhanna/modbus-go/pdu/responses.go:179.25,181.3 1 0
github.com/adibhanna/modbus-go/pdu/responses.go:183.2,184.16 2 0
github.com/adibhanna/modbus-go/pdu/responses.go:184.16,186.3 1 0
github.com/adibhanna/modbus-go/pdu/responses.go:188.2,189.16 2 0
github.com/adibhanna/modbus-go/pdu/responses.go:189.16,191.3 1 0
github.com/adibhanna/modbus-go/pdu/responses.go:193.2,193.40 1 0
github.com/adibhanna/modbus-go/pdu/responses.go:193.40,196.3 1 0
github.com/adibhanna/modbus-go/pdu/responses.go:198.2,198.42 1 0
github.com/adibhanna/modbus-go/pdu/responses.go:198.42,201.3 1 0
github.com/adibhanna/modbus-go/pdu/responses.go:203.2,203.12 1 0
github.com/adibhanna/modbus-go/pdu/responses.go:207.130,208.24 1 0
github.com/adibhanna/modbus-go/pdu/responses.go:208.24,211.3 2 0
github.com/adibhanna/modbus-go/pdu/responses.go:213.2,213.25 1 0
github.com/adibhanna/modbus-go/pdu/responses.go:213.25,215.3 1 0
github.com/adibhanna/modbus-go/pdu/responses.go:217.2,218.16 2 0
github.com/adibhanna/modbus-go/pdu/responses.go:218.16,220.3 1 0
github.com/adibhanna/modbus-go/pdu/responses.go:222.2,223.16 2 0
github.com/adibhanna/modbus-go/pdu/responses.go:223.16,225.3 1 0
github.com/adibhanna/modbus-go/pdu/responses.go:227.2,227.40 1 0
github.com/adibhanna/modbus-go/pdu/responses.go:227.40,230.3 1 0
github.com/adibhanna/modbus-go/pdu/responses.go:232.2,232.42 1 0
github.com/adibhanna/modbus-go/pdu/responses.go:232.42,235.3 1 0
github.com/adibhanna/modbus-go/pdu/responses.go:237.2,237.12 1 0
github.com/adibhanna/modbus-go/pdu/responses.go:241.118,242.24 1 0
github.com/adibhanna/modbus-go/pdu/responses.go:242.24,245.3 2 0
github.com/adibhanna/modbus-go/pdu/responses.go:247.2,247.24 1 0
github.com/adibhanna/modbus-go/pdu/responses.go:247.24,249.3 1 0
github.com/adibhanna/modbus-go/pdu/responses.go:251.2,252.35 2 0
github.com/adibhanna/modbus-go/pdu/responses.go:252.35,255.3 1 0
github.com/adibhanna/modbus-go/pdu/responses.go:257.2,257.46 1 0
github.com/adibhanna/modbus-go/pdu/responses.go:257.46,260.3 1 0
github.com/adibhanna/modbus-go/pdu/responses.go:262.2,262.41 1 0
github.com/adibhanna/modbus-go/pdu/responses.go:266.131,267.24 1 0
github.com/adibhanna/modbus-go/pdu/responses.go:267.24,270.3 2 0
github.com/adibhanna/modbus-go/pdu/responses.go:272.2,272.25 1 0
github.com/adibhanna/modbus-go/pdu/responses.go:272.25,274.3 1 0
github.com/adibhanna/modbus-go/pdu/responses.go:276.2,277.16 2 0
github.com/adibhanna/modbus-go/pdu/responses.go:277.16,279.3 1 0
github.com/adibhanna/modbus-go/pdu/responses.go:281.2,282.16 2 0
github.com/adibhanna/modbus-go/pdu/responses.go:282.16,284.3 1 0
github.com/adibhanna/modbus-go/pdu/responses.go:286.2,287.16 2 0
github.com/adibhanna/modbus-go/pdu/responses.go:287.16,289.3 1 0
github.com/adibhanna/modbus-go/pdu/responses.go:291.2,291.40 1 0
github.com/adibhanna/modbus-go/pdu/responses.go:291.40,294.3 1 0
github.com/adibhanna/modbus-go/pdu/responses.go:296.2,296.32 1 0
github.com/adibhanna/modbus-go/pdu/responses.go:296.32,299.3 1 0
github.com/adibhanna/modbus-go/pdu/responses.go:301.2,301.30 1 0
github.com/adibhanna/modbus-go/pdu/responses.go:301.30,304.3 1 0
github.com/adibhanna/modbus-go/pdu/responses.go:306.2,306.12 1 0
github.com/adibhanna/modbus-go/pdu/responses.go:310.67,311.24 1 0
github.com/adibhanna/modbus-go/pdu/responses.go:311.24,314.3 2 0
github.com/adibhanna/modbus-go/pdu/responses.go:316.2,316.24 1 0
github.com/adibhanna/modbus-go/pdu/responses.go:316.24,318.3 1 0
github.com/adibhanna/modbus-go/pdu/responses.go:320.2,321.16 2 0
github.com/adibhanna/modbus-go/pdu/responses.go:321.16,323.3 1 0
github.com/adibhanna/modbus-go/pdu/responses.go:325.2,325.40 1 0
github.com/adibhanna/modbus-go/pdu/responses.go:325.40,328.3 1 0
github.com/adibhanna/modbus-go/pdu/responses.go:330.2,331.16 2 0
github.com/adibhanna/modbus-go/pdu/responses.go:331.16,333.3 1 0
github.com/adibhanna/modbus-go/pdu/responses.go:335.2,335.37 1 0
github.com/adibhanna/modbus-go/pdu/responses.go:335.37,337.3 1 0
github.com/adibhanna/modbus-go/pdu/responses.go:339.2,339.20 1 0
github.com/adibhanna/modbus-go/pdu/responses.go:339.20,341.3 1 0
github.com/adibhanna/modbus-go/pdu/responses.go:343.2,344.45 2 0
github.com/adibhanna/modbus-go/pdu/responses.go:344.45,347.3 1 0
github.com/adibhanna/modbus-go/pdu/responses.go:349.2,349.41 1 0
github.com/adibhanna/modbus-go/pdu/responses.go:353.70,354.24 1 0
github.com/adibhanna/modbus-go/pdu/responses.go:354.24,357.3 2 0
github.com/adibhanna/modbus-go/pdu/responses.go:359.2,359.25 1 0
github.com/adibhanna/modbus-go/pdu/responses.go:359.25,361.3 1 0
github.com/adibhanna/modbus-go/pdu/responses.go:363.2,363.26 1 0
github.com/adibhanna/modbus-go/pdu/responses.go:367.70,368.24 1 0
github.com/adibhanna/modbus-go/pdu/responses.go:368.24,371.3 2 0
github.com/adibhanna/modbus-go/pdu/responses.go:373.2,373.24 1 0
github.com/adibhanna/modbus-go/pdu/responses.go:373.24,375.3 1 0
github.com/adibhanna/modbus-go/pdu/responses.go:377.2,378.16 2 0
github.com/adibhanna/modbus-go/pdu/responses.go:378.16,380.3 1 0
github.com/adibhanna/modbus-go/pdu/responses.go:382.2,385.31 3 0
github.com/adibhanna/modbus-go/pdu/responses.go:389.79,390.24 1 0
github.com/adibhanna/modbus-go/pdu/responses.go:390.24,393.3 2 0
github.com/adibhanna/modbus-go/pdu/responses.go:395.2,395.25 1 0
github.com/adibhanna/modbus-go/pdu/responses.go:395.25,397.3 1 0
github.com/adibhanna/modbus-go/pdu/responses.go:399.2,400.16 2 0
github.com/adibhanna/modbus-go/pdu/responses.go:400.16,402.3 1 0
github.com/adibhanna/modbus-go/pdu/responses.go:404.2,405.16 2 0
github.com/adibhanna/modbus-go/pdu/responses.go:405.16,407.3 1 0
github.com/adibhanna/modbus-go/pdu/responses.go:409.2,409.32 1 0
github.com/adibhanna/modbus-go/pdu/responses.go:413.91,414.24 1 0
github.com/adibhanna/modbus-go/pdu/responses.go:414.24,417.3 2 0
github.com/adibhanna/modbus-go/pdu/responses.go:419.2,419.24 1 0
github.com/adibhanna/modbus-go/pdu/responses.go:419.24,421.3 1 0
github.com/adibhanna/modbus-go/pdu/responses.go:423.2,424.35 2 0
github.com/adibhanna/modbus-go/pdu/responses.go:424.35,427.3 1 0
github.com/adibhanna/modbus-go/pdu/responses.go:429.2,430.16 2 0
github.com/adibhanna/modbus-go/pdu/responses.go:430.16,432.3 1 0
github.com/adibhanna/modbus-go/pdu/responses.go:434.2,435.16 2 0
github.com/adibhanna/modbus-go/pdu/responses.go:435.16,437.3 1 0
github.com/adibhanna/modbus-go/pdu/responses.go:439.2,440.16 2 0
github.com/adibhanna/modbus-go/pdu/responses.go:440.16,442.3 1 0
github.com/adibhanna/modbus-go/pdu/responses.go:444.2,447.54 3 0
github.com/adibhanna/modbus-go/pdu/responses.go:451.66,452.24 1 0
github.com/adibhanna/modbus-go/pdu/responses.go:452.24,455.3 2 0
github.com/adibhanna/modbus-go/pdu/responses.go:457.2,457.24 1 0
github.com/adibhanna/modbus-go/pdu/responses.go:457.24,459.3 1 0
github.com/adibhanna/modbus-go/pdu/responses.go:461.2,462.35 2 0
github.com/adibhanna/modbus-go/pdu/responses.go:462.35,465.3 1 0
github.com/adibhanna/modbus-go/pdu/responses.go:468.2,471.24 3 0
github.com/adibhanna/modbus-go/pdu/responses.go:475.117,476.24 1 0
github.com/adibhanna/modbus-go/pdu/responses.go:476.24,479.3 2 0
github.com/adibhanna/modbus-go/pdu/responses.go:481.2,481.24 1 0
github.com/adibhanna/modbus-go/pdu/responses.go:481.24,483.3 1 0
github.com/adibhanna/modbus-go/pdu/responses.go:485.2,486.35 2 0
github.com/adibhanna/modbus-go/pdu/responses.go:486.35,489.3 1 0
github.com/adibhanna/modbus-go/pdu/responses.go:492.2,496.67 4 0
github.com/adibhanna/modbus-go/pdu/responses.go:496.67,497.32 1 0
github.com/adibhanna/modbus-go/pdu/responses.go:497.32,499.4 1 0
github.com/adibhanna/modbus-go/pdu/responses.go:501.3,504.47 3 0
github.com/adibhanna/modbus-go/pdu/responses.go:504.47,506.4 1 0
github.com/adibhanna/modbus-go/pdu/responses.go:508.3,509.61 2 0
github.com/adibhanna/modbus-go/pdu/responses.go:509.61,511.4 1 0
github.com/adibhanna/modbus-go/pdu/responses.go:513.3,514.17 2 0
github.com/adibhanna/modbus-go/pdu/responses.go:514.17,516.4 1 0
github.com/adibhanna/modbus-go/pdu/responses.go:518.3,528.14 4 0
github.com/adibhanna/modbus-go/pdu/responses.go:531.2,531.20 1 0
github.com/adibhanna/modbus-go/pdu/responses.go:535.57,536.24 1 0
github.com/adibhanna/modbus-go/pdu/responses.go:536.24,539.3 2 0
github.com/adibhanna/modbus-go/pdu/responses.go:542.2,542.24 1 0
github.com/adibhanna/modbus-go/pdu/responses.go:542.24,544.3 1 0
github.com/adibhanna/modbus-go/pdu/responses.go:546.2,547.35 2 0
github.com/adibhanna/modbus-go/pdu/responses.go:547.35,550.3 1 0
github.com/adibhanna/modbus-go/pdu/responses.go:552.2,552.12 1 0
github.com/adibhanna/modbus-go/pdu/responses.go:556.111,557.24 1 0
github.com/adibhanna/modbus-go/pdu/responses.go:557.24,560.3 2 0
github.com/adibhanna/modbus-go/pdu/responses.go:562.2,562.24 1 0
github.com/adibhanna/modbus-go/pdu/responses.go:562.24,564.3 1 0
github.com/adibhanna/modbus-go/pdu/responses.go:566.2,567.51 2 0
github.com/adibhanna/modbus-go/pdu/responses.go:567.51,570.3 1 0
github.com/adibhanna/modbus-go/pdu/responses.go:572.2,583.73 8 0
github.com/adibhanna/modbus-go/pdu/responses.go:583.73,584.33 1 0
github.com/adibhanna/modbus-go/pdu/responses.go:584.33,585.9 1 0
github.com/adibhanna/modbus-go/pdu/responses.go:588.3,592.48 4 0
github.com/adibhanna/modbus-go/pdu/responses.go:592.48,593.9 1 0
github.com/adibhanna/modbus-go/pdu/responses.go:596.3,599.19 3 0
github.com/adibhanna/modbus-go/pdu/responses.go:600.34,601.37 1 0
github.com/adibhanna/modbus-go/pdu/responses.go:602.35,603.38 1 0
github.com/adibhanna/modbus-go/pdu/responses.go:604.42,605.45 1 0
github.com/adibhanna/modbus-go/pdu/responses.go:606.33,607.36 1 0
github.com/adibhanna/modbus-go/pdu/responses.go:608.35,609.38 1 0
github.com/adibhanna/modbus-go/pdu/responses.go:610.33,611.36 1 0
github.com/adibhanna/modbus-go/pdu/responses.go:612.35,613.46 1 0
github.com/adibhanna/modbus-go/pdu/responses.go:617.2,617.49 1 0
github.com/adibhanna/modbus-go/modbus/types.go:26.43,28.2 1 0
github.com/adibhanna/modbus-go/modbus/types.go:31.51,33.2 1 0
github.com/adibhanna/modbus-go/modbus/types.go:36.53,38.2 1 0
github.com/adibhanna/modbus-go/modbus/types.go:41.40,42.22 1 0
github.com/adibhanna/modbus-go/modbus/types.go:42.22,44.3 1 0
github.com/adibhanna/modbus-go/modbus/types.go:46.2,46.12 1 0
github.com/adibhanna/modbus-go/modbus/types.go:47.25,48.21 1 0
github.com/adibhanna/modbus-go/modbus/types.go:49.34,50.30 1 0
github.com/adibhanna/modbus-go/modbus/types.go:51.36,52.32 1 0
github.com/adibhanna/modbus-go/modbus/types.go:53.34,54.30 1 0
github.com/adibhanna/modbus-go/modbus/types.go:55.31,56.27 1 0
github.com/adibhanna/modbus-go/modbus/types.go:57.35,58.31 1 0
github.com/adibhanna/modbus-go/modbus/types.go:59.35,60.31 1 0
github.com/adibhanna/modbus-go/modbus/types.go:61.26,62.22 1 0
github.com/adibhanna/modbus-go/modbus/types.go:63.35,64.31 1 0
github.com/adibhanna/modbus-go/modbus/types.go:65.31,66.27 1 0
github.com/adibhanna/modbus-go/modbus/types.go:67.34,68.30 1 0
github.com/adibhanna/modbus-go/modbus/types.go:69.38,70.34 1 0
github.com/adibhanna/modbus-go/modbus/types.go:71.30,72.26 1 0
github.com/adibhanna/modbus-go/modbus/types.go:73.30,74.26 1 0
github.com/adibhanna/modbus-go/modbus/types.go:75.31,76.27 1 0
github.com/adibhanna/modbus-go/modbus/types.go:77.33,78.29 1 0
github.com/adibhanna/modbus-go/modbus/types.go:79.37,80.38 1 0
github.com/adibhanna/modbus-go/modbus/types.go:81.29,82.25 1 0
github.com/adibhanna/modbus-go/modbus/types.go:83.37,84.33 1 0
github.com/adibhanna/modbus-go/modbus/types.go:85.10,86.49 1 0
github.com/adibhanna/modbus-go/modbus/types.go:91.41,92.12 1 0
github.com/adibhanna/modbus-go/modbus/types.go:93.36,94.27 1 0
github.com/adibhanna/modbus-go/modbus/types.go:95.39,96.30 1 0
github.com/adibhanna/modbus-go/modbus/types.go:97.37,98.28 1 0
github.com/adibhanna/modbus-go/modbus/types.go:99.40,100.31 1 0
github.com/adibhanna/modbus-go/modbus/types.go:101.32,102.23 1 0
github.com/adibhanna/modbus-go/modbus/types.go:103.37,104.28 1 0
github.com/adibhanna/modbus-go/modbus/types.go:105.38,106.29 1 0
github.com/adibhanna/modbus-go/modbus/types.go:107.39,108.34 1 0
github.com/adibhanna/modbus-go/modbus/types.go:109.38,110.46 1 0
github.com/adibhanna/modbus-go/modbus/types.go:111.10,112.49 1 0
github.com/adibhanna/modbus-go/modbus/types.go:117.40,119.2 1 0
github.com/adibhanna/modbus-go/modbus/types.go:129.38,130.21 1 0
github.com/adibhanna/modbus-go/modbus/types.go:130.21,133.3 1 0
github.com/adibhanna/modbus-go/modbus/types.go:134.2,135.53 1 0
github.com/adibhanna/modbus-go/modbus/types.go:139.85,145.2 1 0
github.com/adibhanna/modbus-go/modbus/types.go:157.41,158.12 1 0
github.com/adibhanna/modbus-go/modbus/types.go:159.20,160.15 1 0
github.com/adibhanna/modbus-go/modbus/types.go:161.20,162.15 1 0
github.com/adibhanna/modbus-go/modbus/types.go:163.22,164.17 1 0
github.com/adibhanna/modbus-go/modbus/types.go:165.10,166.19 1 0
github.com/adibhanna/modbus-go/modbus/types.go:181.42,190.2 1 0
github.com/adibhanna/modbus-go/modbus/types.go:199.42,204.2 1 0
github.com/adibhanna/modbus-go/modbus/types.go:217.61,219.27 2 0
github.com/adibhanna/modbus-go/modbus/types.go:220.13,221.31 1 0
github.com/adibhanna/modbus-go/modbus/types.go:222.13,223.31 1 0
github.com/adibhanna/modbus-go/modbus/types.go:224.15,225.33 1 0
github.com/adibhanna/modbus-go/modbus/types.go:226.10,227.31 1 0
github.com/adibhanna/modbus-go/modbus/types.go:230.2,237.3 1 0
github.com/adibhanna/modbus-go/modbus/types.go:241.71,243.16 2 0
github.com/adibhanna/modbus-go/modbus/types.go:243.16,245.3 1 0
github.com/adibhanna/modbus-go/modbus/types.go:247.2,248.58 2 0
github.com/adibhanna/modbus-go/modbus/types.go:248.58,250.3 1 0
github.com/adibhanna/modbus-go/modbus/types.go:252.2,252.41 1 0
github.com/adibhanna/modbus-go/modbus/types.go:256.76,258.69 2 0
github.com/adibhanna/modbus-go/modbus/types.go:258.69,260.3 1 0
github.com/adibhanna/modbus-go/modbus/types.go:262.2,262.41 1 0
github.com/adibhanna/modbus-go/modbus/types.go:266.64,268.26 2 0
github.com/adibhanna/modbus-go/modbus/types.go:269.20,270.24 1 0
github.com/adibhanna/modbus-go/modbus/types.go:271.20,272.24 1 0
github.com/adibhanna/modbus-go/modbus/types.go:273.22,274.26 1 0
github.com/adibhanna/modbus-go/modbus/types.go:275.10,276.24 1 0
github.com/adibhanna/modbus-go/modbus/types.go:279.2,286.3 1 0
github.com/adibhanna/modbus-go/modbus/types.go:290.71,293.16 3 0
github.com/adibhanna/modbus-go/modbus/types.go:293.16,295.3 1 0
github.com/adibhanna/modbus-go/modbus/types.go:297.2,297.59 1 0
github.com/adibhanna/modbus-go/modbus/types.go:297.59,299.3 1 0
github.com/adibhanna/modbus-go/modbus/types.go:301.2,301.12 1 0
github.com/adibhanna/modbus-go/modbus/types.go:305.56,308.16 3 0
github.com/adibhanna/modbus-go/modbus/types.go:308.16,310.3 1 0
github.com/adibhanna/modbus-go/modbus/types.go:311.2,311.26 1 0
github.com/adibhanna/modbus-go/examples/config_showcase/main.go:12.13,37.16 13 0
github.com/adibhanna/modbus-go/examples/config_showcase/main.go:37.16,39.3 1 0
github.com/adibhanna/modbus-go/examples/config_showcase/main.go:39.8,45.3 5 0
github.com/adibhanna/modbus-go/examples/config_showcase/main.go:48.2,59.16 4 0
github.com/adibhanna/modbus-go/examples/config_showcase/main.go:59.16,61.3 1 0
github.com/adibhanna/modbus-go/examples/config_showcase/main.go:61.8,67.3 5 0
github.com/adibhanna/modbus-go/examples/config_showcase/main.go:70.2,107.86 28 0
github.com/adibhanna/modbus-go/examples/config_showcase/main.go:107.86,109.3 1 0
github.com/adibhanna/modbus-go/examples/config_showcase/main.go:109.8,111.3 1 0
github.com/adibhanna/modbus-go/examples/config_showcase/main.go:114.2,114.62 1 0
github.com/adibhanna/modbus-go/examples/config_showcase/main.go:114.62,116.3 1 0
github.com/adibhanna/modbus-go/examples/config_showcase/main.go:116.8,118.3 1 0
github.com/adibhanna/modbus-go/examples/config_showcase/main.go:121.2,144.67 15 0
github.com/adibhanna/modbus-go/examples/tcp_server/main.go:14.13,24.26 4 0
github.com/adibhanna/modbus-go/examples/tcp_server/main.go:24.26,25.72 1 0
github.com/adibhanna/modbus-go/examples/tcp_server/main.go:25.72,27.4 1 0
github.com/adibhanna/modbus-go/examples/tcp_server/main.go:31.2,31.26 1 0
github.com/adibhanna/modbus-go/examples/tcp_server/main.go:31.26,32.81 1 0
github.com/adibhanna/modbus-go/examples/tcp_server/main.go:32.81,34.4 1 0
github.com/adibhanna/modbus-go/examples/tcp_server/main.go:38.2,38.26 1 0
github.com/adibhanna/modbus-go/examples/tcp_server/main.go:38.26,39.88 1 0
github.com/adibhanna/modbus-go/examples/tcp_server/main.go:39.88,41.4 1 0
github.com/adibhanna/modbus-go/examples/tcp_server/main.go:45.2,45.26 1 0
github.com/adibhanna/modbus-go/examples/tcp_server/main.go:45.26,46.87 1 0
github.com/adibhanna/modbus-go/examples/tcp_server/main.go:46.87,48.4 1 0
github.com/adibhanna/modbus-go/examples/tcp_server/main.go:52.2,53.16 2 0
github.com/adibhanna/modbus-go/examples/tcp_server/main.go:53.16,55.3 1 0
github.com/adibhanna/modbus-go/examples/tcp_server/main.go:57.2,57.39 1 0
github.com/adibhanna/modbus-go/examples/tcp_server/main.go:57.39,59.3 1 0
github.com/adibhanna/modbus-go/examples/tcp_server/main.go:61.2,74.12 12 0
github.com/adibhanna/modbus-go/examples/tcp_server/main.go:74.12,79.22 4 0
github.com/adibhanna/modbus-go/examples/tcp_server/main.go:79.22,82.69 2 0
github.com/adibhanna/modbus-go/examples/tcp_server/main.go:82.69,84.5 1 0
github.com/adibhanna/modbus-go/examples/tcp_server/main.go:84.10,86.5 1 0
github.com/adibhanna/modbus-go/examples/tcp_server/main.go:88.4,88.65 1 0
github.com/adibhanna/modbus-go/examples/tcp_server/main.go:88.65,90.5 1 0
github.com/adibhanna/modbus-go/examples/tcp_server/main.go:92.4,93.29 1 0
github.com/adibhanna/modbus-go/examples/tcp_server/main.go:98.2,103.38 5 0
github.com/adibhanna/modbus-go/examples/tcp_server/main.go:103.38,105.3 1 0
github.com/adibhanna/modbus-go/examples/tcp_server/main.go:107.2,107.31 1 0
github.com/adibhanna/modbus-go/examples/tcp_client_diagnostic/main.go:15.13,23.16 5 0
github.com/adibhanna/modbus-go/examples/tcp_client_diagnostic/main.go:23.16,25.3 1 0
github.com/adibhanna/modbus-go/examples/tcp_client_diagnostic/main.go:27.2,35.104 7 0
github.com/adibhanna/modbus-go/examples/tcp_client_diagnostic/main.go:35.104,37.3 1 0
github.com/adibhanna/modbus-go/examples/tcp_client_diagnostic/main.go:38.2,47.41 7 0
github.com/adibhanna/modbus-go/examples/tcp_client_diagnostic/main.go:47.41,49.3 1 0
github.com/adibhanna/modbus-go/examples/tcp_client_diagnostic/main.go:50.2,57.57 4 0
github.com/adibhanna/modbus-go/examples/tcp_client_diagnostic/main.go:57.57,60.3 2 0
github.com/adibhanna/modbus-go/examples/tcp_client_diagnostic/main.go:62.2,62.45 1 0
github.com/adibhanna/modbus-go/examples/tcp_client_diagnostic/main.go:62.45,65.3 2 0
github.com/adibhanna/modbus-go/examples/tcp_client_diagnostic/main.go:67.2,67.55 1 0
github.com/adibhanna/modbus-go/examples/tcp_client_diagnostic/main.go:67.55,70.3 2 0
github.com/adibhanna/modbus-go/examples/tcp_client_diagnostic/main.go:72.2,72.55 1 0
github.com/adibhanna/modbus-go/examples/tcp_client_diagnostic/main.go:72.55,75.3 2 0
github.com/adibhanna/modbus-go/examples/tcp_client_diagnostic/main.go:77.2,77.56 1 0
github.com/adibhanna/modbus-go/examples/tcp_client_diagnostic/main.go:77.56,80.3 2 0
github.com/adibhanna/modbus-go/examples/tcp_client_diagnostic/main.go:82.2,84.83 3 0
github.com/adibhanna/modbus-go/examples/tcp_client_diagnostic/main.go:87.69,89.16 2 0
github.com/adibhanna/modbus-go/examples/tcp_client_diagnostic/main.go:89.16,91.3 1 0
github.com/adibhanna/modbus-go/examples/tcp_client_diagnostic/main.go:92.2,99.16 5 0
github.com/adibhanna/modbus-go/examples/tcp_client_diagnostic/main.go:99.16,102.3 1 0
github.com/adibhanna/modbus-go/examples/tcp_client_diagnostic/main.go:102.8,104.3 1 0
github.com/adibhanna/modbus-go/examples/tcp_client_diagnostic/main.go:106.2,106.12 1 0
github.com/adibhanna/modbus-go/examples/tcp_client_diagnostic/main.go:109.74,115.16 5 0
github.com/adibhanna/modbus-go/examples/tcp_client_diagnostic/main.go:115.16,117.3 1 0
github.com/adibhanna/modbus-go/examples/tcp_client_diagnostic/main.go:117.8,119.3 1 0
github.com/adibhanna/modbus-go/examples/tcp_client_diagnostic/main.go:122.63,128.16 5 0
github.com/adibhanna/modbus-go/examples/tcp_client_diagnostic/main.go:128.16,130.3 1 0
github.com/adibhanna/modbus-go/examples/tcp_client_diagnostic/main.go:130.8,132.3 1 0
github.com/adibhanna/modbus-go/examples/tcp_client_diagnostic/main.go:135.72,141.16 5 0
github.com/adibhanna/modbus-go/examples/tcp_client_diagnostic/main.go:141.16,143.3 1 0
github.com/adibhanna/modbus-go/examples/tcp_client_diagnostic/main.go:143.8,145.3 1 0
github.com/adibhanna/modbus-go/examples/tcp_client_diagnostic/main.go:148.72,154.16 5 0
github.com/adibhanna/modbus-go/examples/tcp_client_diagnostic/main.go:154.16,156.3 1 0
github.com/adibhanna/modbus-go/examples/tcp_client_diagnostic/main.go:156.8,158.3 1 0
github.com/adibhanna/modbus-go/examples/tcp_client_diagnostic/main.go:161.74,166.16 4 0
github.com/adibhanna/modbus-go/examples/tcp_client_diagnostic/main.go:166.16,168.3 1 0
github.com/adibhanna/modbus-go/examples/tcp_client_diagnostic/main.go:168.8,174.3 5 0
github.com/adibhanna/modbus-go/examples/advanced_server/main.go:13.13,54.39 19 0
github.com/adibhanna/modbus-go/examples/advanced_server/main.go:54.39,56.3 1 0
github.com/adibhanna/modbus-go/examples/advanced_server/main.go:59.57,61.26 1 0
github.com/adibhanna/modbus-go/examples/advanced_server/main.go:61.26,63.3 1 0
github.com/adibhanna/modbus-go/examples/advanced_server/main.go:66.2,66.26 1 0
github.com/adibhanna/modbus-go/examples/advanced_server/main.go:66.26,68.3 1 0
github.com/adibhanna/modbus-go/examples/advanced_server/main.go:71.2,110.57 10 0
github.com/adibhanna/modbus-go/examples/advanced_server/main.go:110.57,112.3 1 0
github.com/adibhanna/modbus-go/examples/advanced_server/main.go:114.2,122.69 9 0
github.com/adibhanna/modbus-go/examples/advanced_server/main.go:125.55,130.21 4 0
github.com/adibhanna/modbus-go/examples/advanced_server/main.go:130.21,151.22 10 0
github.com/adibhanna/modbus-go/examples/advanced_server/main.go:151.22,152.23 1 0
github.com/adibhanna/modbus-go/examples/advanced_server/main.go:152.23,154.5 1 0
github.com/adibhanna/modbus-go/examples/advanced_server/main.go:154.10,156.5 1 0
github.com/adibhanna/modbus-go/examples/advanced_server/main.go:160.3,160.21 1 0
github.com/adibhanna/modbus-go/examples/advanced_server/main.go:160.21,163.4 2 0
github.com/adibhanna/modbus-go/examples/advanced_server/main.go:165.3,166.45 1 0
github.com/adibhanna/modbus-go/transport/serial.go:26.115,28.18 2 0
github.com/adibhanna/modbus-go/transport/serial.go:29.9,30.25 1 0
github.com/adibhanna/modbus-go/transport/serial.go:31.9,32.26 1 0
github.com/adibhanna/modbus-go/transport/serial.go:33.10,34.77 1 0
github.com/adibhanna/modbus-go/transport/serial.go:37.2,38.33 2 0
github.com/adibhanna/modbus-go/transport/serial.go:39.19,40.22 1 0
github.com/adibhanna/modbus-go/transport/serial.go:41.19,42.24 1 0
github.com/adibhanna/modbus-go/transport/serial.go:43.18,44.23 1 0
github.com/adibhanna/modbus-go/transport/serial.go:45.10,46.76 1 0
github.com/adibhanna/modbus-go/transport/serial.go:49.2,56.8 1 0
github.com/adibhanna/modbus-go/transport/serial.go:68.58,72.2 1 0
github.com/adibhanna/modbus-go/transport/serial.go:75.40,79.17 3 0
github.com/adibhanna/modbus-go/transport/serial.go:79.17,81.3 1 0
github.com/adibhanna/modbus-go/transport/serial.go:83.2,91.16 3 0
github.com/adibhanna/modbus-go/transport/serial.go:91.16,93.3 1 0
github.com/adibhanna/modbus-go/transport/serial.go:96.2,96.62 1 0
github.com/adibhanna/modbus-go/transport/serial.go:96.62,99.3 2 0
github.com/adibhanna/modbus-go/transport/serial.go:101.2,103.12 3 0
github.com/adibhanna/modbus-go/transport/serial.go:107.38,111.35 3 0
github.com/adibhanna/modbus-go/transport/serial.go:111.35,113.3 1 0
github.com/adibhanna/modbus-go/transport/serial.go:115.2,118.12 4 0
github.com/adibhanna/modbus-go/transport/serial.go:122.43,126.2 3 0
github.com/adibhanna/modbus-go/transport/serial.go:129.58,133.34 4 0
github.com/adibhanna/modbus-go/transport/serial.go:133.34,135.3 1 0
github.com/adibhanna/modbus-go/transport/serial.go:139.51,143.2 3 0
github.com/adibhanna/modbus-go/transport/serial.go:146.105,150.18 3 0
github.com/adibhanna/modbus-go/transport/serial.go:150.18,152.3 1 0
github.com/adibhanna/modbus-go/transport/serial.go:155.2,166.45 8 0
github.com/adibhanna/modbus-go/transport/serial.go:166.45,168.3 1 0
github.com/adibhanna/modbus-go/transport/serial.go:172.2,181.6 7 0
github.com/adibhanna/modbus-go/transport/serial.go:181.6,186.17 3 0
github.com/adibhanna/modbus-go/transport/serial.go:186.17,188.72 1 0
github.com/adibhanna/modbus-go/transport/serial.go:188.72,189.10 1 0
github.com/adibhanna/modbus-go/transport/serial.go:191.4,191.66 1 0
github.com/adibhanna/modbus-go/transport/serial.go:194.3,194.12 1 0
github.com/adibhanna/modbus-go/transport/serial.go:194.12,197.4 2 0
github.com/adibhanna/modbus-go/transport/serial.go:200.3,200.25 1 0
github.com/adibhanna/modbus-go/transport/serial.go:200.25,202.51 1 0
github.com/adibhanna/modbus-go/transport/serial.go:202.51,203.10 1 0
github.com/adibhanna/modbus-go/transport/serial.go:208.3,208.53 1 0
github.com/adibhanna/modbus-go/transport/serial.go:208.53,210.4 1 0
github.com/adibhanna/modbus-go/transport/serial.go:213.2,213.46 1 0
github.com/adibhanna/modbus-go/transport/serial.go:217.109,218.19 1 0
github.com/adibhanna/modbus-go/transport/serial.go:218.19,220.3 1 0
github.com/adibhanna/modbus-go/transport/serial.go:223.2,228.40 4 0
github.com/adibhanna/modbus-go/transport/serial.go:228.40,230.3 1 0
github.com/adibhanna/modbus-go/transport/serial.go:233.2,234.34 2 0
github.com/adibhanna/modbus-go/transport/serial.go:234.34,236.3 1 0
github.com/adibhanna/modbus-go/transport/serial.go:239.2,240.16 2 0
github.com/adibhanna/modbus-go/transport/serial.go:240.16,242.3 1 0
github.com/adibhanna/modbus-go/transport/serial.go:244.2,244.45 1 0
github.com/adibhanna/modbus-go/transport/serial.go:248.64,250.2 1 0
github.com/adibhanna/modbus-go/transport/serial.go:253.40,255.2 1 0
github.com/adibhanna/modbus-go/transport/serial.go:266.62,270.2 1 0
github.com/adibhanna/modbus-go/transport/serial.go:273.42,277.17 3 0
github.com/adibhanna/modbus-go/transport/serial.go:277.17,279.3 1 0
github.com/adibhanna/modbus-go/transport/serial.go:281.2,289.16 3 0
github.com/adibhanna/modbus-go/transport/serial.go:289.16,291.3 1 0
github.com/adibhanna/modbus-go/transport/serial.go:293.2,293.62 1 0
github.com/adibhanna/modbus-go/transport/serial.go:293.62,296.3 2 0
github.com/adibhanna/modbus-go/transport/serial.go:298.2,300.12 3 0
github.com/adibhanna/modbus-go/transport/serial.go:304.40,308.35 3 0
github.com/adibhanna/modbus-go/transport/serial.go:308.35,310.3 1 0
github.com/adibhanna/modbus-go/transport/serial.go:312.2,315.12 4 0
github.com/adibhanna/modbus-go/transport/serial.go:319.45,323.2 3 0
github.com/adibhanna/modbus-go/transport/serial.go:326.60,330.34 4 0
github.com/adibhanna/modbus-go/transport/serial.go:330.34,332.3 1 0
github.com/adibhanna/modbus-go/transport/serial.go:336.53,340.2 3 0
github.com/adibhanna/modbus-go/transport/serial.go:343.107,347.18 3 0
github.com/adibhanna/modbus-go/transport/serial.go:347.18,349.3 1 0
github.com/adibhanna/modbus-go/transport/serial.go:352.2,366.55 9 0
github.com/adibhanna/modbus-go/transport/serial.go:366.55,368.3 1 0
github.com/adibhanna/modbus-go/transport/serial.go:371.2,372.16 2 0
github.com/adibhanna/modbus-go/transport/serial.go:372.16,374.3 1 0
github.com/adibhanna/modbus-go/transport/serial.go:376.2,376.48 1 0
github.com/adibhanna/modbus-go/transport/serial.go:380.59,385.6 3 0
github.com/adibhanna/modbus-go/transport/serial.go:385.6,387.17 2 0
github.com/adibhanna/modbus-go/transport/serial.go:387.17,389.4 1 0
github.com/adibhanna/modbus-go/transport/serial.go:390.3,390.29 1 0
github.com/adibhanna/modbus-go/transport/serial.go:390.29,391.9 1 0
github.com/adibhanna/modbus-go/transport/serial.go:396.2,396.6 1 0
github.com/adibhanna/modbus-go/transport/serial.go:396.6,398.17 2 0
github.com/adibhanna/modbus-go/transport/serial.go:398.17,400.4 1 0
github.com/adibhanna/modbus-go/transport/serial.go:401.3,401.12 1 0
github.com/adibhanna/modbus-go/transport/serial.go:401.12,403.85 2 0
github.com/adibhanna/modbus-go/transport/serial.go:403.85,404.10 1 0
github.com/adibhanna/modbus-go/transport/serial.go:410.2,410.34 1 0
github.com/adibhanna/modbus-go/transport/serial.go:414.118,416.27 1 0
github.com/adibhanna/modbus-go/transport/serial.go:416.27,418.3 1 0
github.com/adibhanna/modbus-go/transport/serial.go:420.2,421.16 2 0
github.com/adibhanna/modbus-go/transport/serial.go:421.16,423.3 1 0
github.com/adibhanna/modbus-go/transport/serial.go:425.2,425.19 1 0
github.com/adibhanna/modbus-go/transport/serial.go:425.19,427.3 1 0
github.com/adibhanna/modbus-go/transport/serial.go:430.2,435.40 4 0
github.com/adibhanna/modbus-go/transport/serial.go:435.40,437.3 1 0
github.com/adibhanna/modbus-go/transport/serial.go:440.2,441.34 2 0
github.com/adibhanna/modbus-go/transport/serial.go:441.34,443.3 1 0
github.com/adibhanna/modbus-go/transport/serial.go:446.2,447.16 2 0
github.com/adibhanna/modbus-go/transport/serial.go:447.16,449.3 1 0
github.com/adibhanna/modbus-go/transport/serial.go:451.2,451.45 1 0
github.com/adibhanna/modbus-go/transport/serial.go:455.66,457.2 1 0
github.com/adibhanna/modbus-go/transport/serial.go:460.42,462.2 1 0
github.com/adibhanna/modbus-go/transport/serial.go:467.41,469.25 2 0
github.com/adibhanna/modbus-go/transport/serial.go:469.25,471.26 2 0
github.com/adibhanna/modbus-go/transport/serial.go:471.26,472.23 1 0
github.com/adibhanna/modbus-go/transport/serial.go:472.23,474.5 1 0
github.com/adibhanna/modbus-go/transport/serial.go:474.10,476.5 1 0
github.com/adibhanna/modbus-go/transport/serial.go:479.2,479.12 1 0
github.com/adibhanna/modbus-go/transport/serial.go:483.38,485.25 2 0
github.com/adibhanna/modbus-go/transport/serial.go:485.25,487.3 1 0
github.com/adibhanna/modbus-go/transport/serial.go:488.2,488.26 1 0
github.com/adibhanna/modbus-go/transport/serial.go:492.107,495.31 2 0
github.com/adibhanna/modbus-go/transport/serial.go:495.31,497.3 1 0
github.com/adibhanna/modbus-go/transport/serial.go:500.2,503.53 2 0
github.com/adibhanna/modbus-go/transport/tcp.go:25.42,32.2 6 0
github.com/adibhanna/modbus-go/transport/tcp.go:35.51,36.39 1 0
github.com/adibhanna/modbus-go/transport/tcp.go:36.39,39.3 1 0
github.com/adibhanna/modbus-go/transport/tcp.go:41.2,46.8 1 0
github.com/adibhanna/modbus-go/transport/tcp.go:60.52,66.2 1 0
github.com/adibhanna/modbus-go/transport/tcp.go:69.40,73.17 3 0
github.com/adibhanna/modbus-go/transport/tcp.go:73.17,75.3 1 0
github.com/adibhanna/modbus-go/transport/tcp.go:77.2,82.16 3 0
github.com/adibhanna/modbus-go/transport/tcp.go:82.16,84.3 1 0
github.com/adibhanna/modbus-go/transport/tcp.go:86.2,88.12 3 0
github.com/adibhanna/modbus-go/transport/tcp.go:92.38,96.35 3 0
github.com/adibhanna/modbus-go/transport/tcp.go:96.35,98.3 1 0
github.com/adibhanna/modbus-go/transport/tcp.go:100.2,103.12 4 0
github.com/adibhanna/modbus-go/transport/tcp.go:107.43,111.2 3 0
github.com/adibhanna/modbus-go/transport/tcp.go:114.58,118.2 3 0
github.com/adibhanna/modbus-go/transport/tcp.go:121.51,125.2 3 0
github.com/adibhanna/modbus-go/transport/tcp.go:128.105,129.22 1 0
github.com/adibhanna/modbus-go/transport/tcp.go:129.22,131.3 1 0
github.com/adibhanna/modbus-go/transport/tcp.go:133.2,139.26 5 0
github.com/adibhanna/modbus-go/transport/tcp.go:139.26,141.3 1 0
github.com/adibhanna/modbus-go/transport/tcp.go:144.2,153.52 3 0
github.com/adibhanna/modbus-go/transport/tcp.go:153.52,155.3 1 0
github.com/adibhanna/modbus-go/transport/tcp.go:158.2,159.16 2 0
github.com/adibhanna/modbus-go/transport/tcp.go:159.16,161.3 1 0
github.com/adibhanna/modbus-go/transport/tcp.go:164.2,164.42 1 0
github.com/adibhanna/modbus-go/transport/tcp.go:164.42,167.3 1 0
github.com/adibhanna/modbus-go/transport/tcp.go:169.2,169.56 1 0
github.com/adibhanna/modbus-go/transport/tcp.go:169.56,172.3 1 0
github.com/adibhanna/modbus-go/transport/tcp.go:174.2,174.45 1 0
github.com/adibhanna/modbus-go/transport/tcp.go:174.45,177.3 1 0
github.com/adibhanna/modbus-go/transport/tcp.go:179.2,179.45 1 0
github.com/adibhanna/modbus-go/transport/tcp.go:183.75,185.75 1 0
github.com/adibhanna/modbus-go/transport/tcp.go:185.75,187.3 1 0
github.com/adibhanna/modbus-go/transport/tcp.go:190.2,191.51 2 0
github.com/adibhanna/modbus-go/transport/tcp.go:191.51,193.3 1 0
github.com/adibhanna/modbus-go/transport/tcp.go:196.2,196.50 1 0
github.com/adibhanna/modbus-go/transport/tcp.go:196.50,198.3 1 0
github.com/adibhanna/modbus-go/transport/tcp.go:200.2,200.12 1 0
github.com/adibhanna/modbus-go/transport/tcp.go:204.68,206.74 1 0
github.com/adibhanna/modbus-go/transport/tcp.go:206.74,208.3 1 0
github.com/adibhanna/modbus-go/transport/tcp.go:211.2,212.60 2 0
github.com/adibhanna/modbus-go/transport/tcp.go:212.60,214.3 1 0
github.com/adibhanna/modbus-go/transport/tcp.go:216.2,217.16 2 0
github.com/adibhanna/modbus-go/transport/tcp.go:217.16,219.3 1 0
github.com/adibhanna/modbus-go/transport/tcp.go:222.2,222.23 1 0
github.com/adibhanna/modbus-go/transport/tcp.go:222.23,224.3 1 0
github.com/adibhanna/modbus-go/transport/tcp.go:226.2,226.41 1 0
github.com/adibhanna/modbus-go/transport/tcp.go:226.41,228.3 1 0
github.com/adibhanna/modbus-go/transport/tcp.go:231.2,232.57 2 0
github.com/adibhanna/modbus-go/transport/tcp.go:232.57,234.3 1 0
github.com/adibhanna/modbus-go/transport/tcp.go:236.2,237.16 2 0
github.com/adibhanna/modbus-go/transport/tcp.go:237.16,239.3 1 0
github.com/adibhanna/modbus-go/transport/tcp.go:241.2,241.33 1 0
github.com/adibhanna/modbus-go/transport/tcp.go:245.64,247.2 1 0
github.com/adibhanna/modbus-go/transport/tcp.go:250.40,252.2 1 0
github.com/adibhanna/modbus-go/transport/tcp.go:274.70,284.2 2 0
github.com/adibhanna/modbus-go/transport/tcp.go:287.35,289.15 2 0
github.com/adibhanna/modbus-go/transport/tcp.go:289.15,292.3 2 0
github.com/adibhanna/modbus-go/transport/tcp.go:295.2,302.16 6 0
github.com/adibhanna/modbus-go/transport/tcp.go:302.16,304.3 1 0
github.com/adibhanna/modbus-go/transport/tcp.go:306.2,314.12 7 0
github.com/adibhanna/modbus-go/transport/tcp.go:318.34,320.16 2 0
github.com/adibhanna/modbus-go/transport/tcp.go:320.16,323.3 2 0
github.com/adibhanna/modbus-go/transport/tcp.go:326.2,330.23 4 0
github.com/adibhanna/modbus-go/transport/tcp.go:330.23,331.44 1 0
github.com/adibhanna/modbus-go/transport/tcp.go:331.44,334.4 1 0
github.com/adibhanna/modbus-go/transport/tcp.go:338.2,338.34 1 0
github.com/adibhanna/modbus-go/transport/tcp.go:338.34,340.3 1 0
github.com/adibhanna/modbus-go/transport/tcp.go:341.2,347.12 4 0
github.com/adibhanna/modbus-go/transport/tcp.go:351.66,353.12 2 0
github.com/adibhanna/modbus-go/transport/tcp.go:353.12,355.3 1 0
github.com/adibhanna/modbus-go/transport/tcp.go:357.2,357.9 1 0
github.com/adibhanna/modbus-go/transport/tcp.go:358.21,359.13 1 0
github.com/adibhanna/modbus-go/transport/tcp.go:360.29,361.67 1 0
github.com/adibhanna/modbus-go/transport/tcp.go:366.38,370.2 3 0
github.com/adibhanna/modbus-go/transport/tcp.go:373.34,376.6 2 0
github.com/adibhanna/modbus-go/transport/tcp.go:376.6,377.10 1 0
github.com/adibhanna/modbus-go/transport/tcp.go:378.21,379.10 1 0
github.com/adibhanna/modbus-go/transport/tcp.go:380.31,381.10 1 0
github.com/adibhanna/modbus-go/transport/tcp.go:382.11,384.18 2 0
github.com/adibhanna/modbus-go/transport/tcp.go:384.18,385.22 1 0
github.com/adibhanna/modbus-go/transport/tcp.go:385.22,388.6 1 0
github.com/adibhanna/modbus-go/transport/tcp.go:389.5,389.13 1 0
github.com/adibhanna/modbus-go/transport/tcp.go:392.4,397.31 5 0
github.com/adibhanna/modbus-go/transport/tcp.go:403.53,404.15 1 0
github.com/adibhanna/modbus-go/transport/tcp.go:404.15,410.3 5 0
github.com/adibhanna/modbus-go/transport/tcp.go:412.2,418.6 2 0
github.com/adibhanna/modbus-go/transport/tcp.go:418.6,419.10 1 0
github.com/adibhanna/modbus-go/transport/tcp.go:420.21,421.10 1 0
github.com/adibhanna/modbus-go/transport/tcp.go:422.31,423.10 1 0
github.com/adibhanna/modbus-go/transport/tcp.go:424.11,427.18 2 0
github.com/adibhanna/modbus-go/transport/tcp.go:427.18,428.22 1 0
github.com/adibhanna/modbus-go/transport/tcp.go:428.22,431.6 1 0
github.com/adibhanna/modbus-go/transport/tcp.go:432.5,432.11 1 0
github.com/adibhanna/modbus-go/transport/tcp.go:436.4,447.78 4 0
github.com/adibhanna/modbus-go/transport/tcp.go:447.78,448.22 1 0
github.com/adibhanna/modbus-go/transport/tcp.go:448.22,450.6 1 0
github.com/adibhanna/modbus-go/transport/tcp.go:451.5,451.11 1 0
github.com/adibhanna/modbus-go/examples/tcp_client/main.go:13.13,21.16 5 0
github.com/adibhanna/modbus-go/examples/tcp_client/main.go:21.16,23.3 1 0
github.com/adibhanna/modbus-go/examples/tcp_client/main.go:25.2,39.41 11 0
github.com/adibhanna/modbus-go/examples/tcp_client/main.go:39.41,41.3 1 0
github.com/adibhanna/modbus-go/examples/tcp_client/main.go:42.2,42.15 1 0
github.com/adibhanna/modbus-go/examples/tcp_client/main.go:42.15,43.40 1 0
github.com/adibhanna/modbus-go/examples/tcp_client/main.go:43.40,45.4 1 0
github.com/adibhanna/modbus-go/examples/tcp_client/main.go:48.2,51.57 2 0
github.com/adibhanna/modbus-go/examples/tcp_client/main.go:51.57,55.17 4 0
github.com/adibhanna/modbus-go/examples/tcp_client/main.go:55.17,57.4 1 0
github.com/adibhanna/modbus-go/examples/tcp_client/main.go:57.9,59.4 1 0
github.com/adibhanna/modbus-go/examples/tcp_client/main.go:63.2,63.56 1 0
github.com/adibhanna/modbus-go/examples/tcp_client/main.go:63.56,67.78 4 0
github.com/adibhanna/modbus-go/examples/tcp_client/main.go:67.78,69.4 1 0
github.com/adibhanna/modbus-go/examples/tcp_client/main.go:69.9,71.4 1 0
github.com/adibhanna/modbus-go/examples/tcp_client/main.go:75.2,75.56 1 0
github.com/adibhanna/modbus-go/examples/tcp_client/main.go:75.56,79.17 4 0
github.com/adibhanna/modbus-go/examples/tcp_client/main.go:79.17,81.4 1 0
github.com/adibhanna/modbus-go/examples/tcp_client/main.go:81.9,83.4 1 0
github.com/adibhanna/modbus-go/examples/tcp_client/main.go:87.2,87.59 1 0
github.com/adibhanna/modbus-go/examples/tcp_client/main.go:87.59,91.90 4 0
github.com/adibhanna/modbus-go/examples/tcp_client/main.go:91.90,93.4 1 0
github.com/adibhanna/modbus-go/examples/tcp_client/main.go:93.9,95.4 1 0
github.com/adibhanna/modbus-go/examples/tcp_client/main.go:98.3,100.17 3 0
github.com/adibhanna/modbus-go/examples/tcp_client/main.go:100.17,102.4 1 0
github.com/adibhanna/modbus-go/examples/tcp_client/main.go:102.9,104.4 1 0
github.com/adibhanna/modbus-go/examples/tcp_client/main.go:108.2,108.148 1 0
github.com/adibhanna/modbus-go/examples/tcp_client/main.go:108.148,113.53 3 0
github.com/adibhanna/modbus-go/examples/tcp_client/main.go:113.53,114.78 1 0
github.com/adibhanna/modbus-go/examples/tcp_client/main.go:114.78,116.5 1 0
github.com/adibhanna/modbus-go/examples/tcp_client/main.go:116.10,118.5 1 0
github.com/adibhanna/modbus-go/examples/tcp_client/main.go:122.3,122.46 1 0
github.com/adibhanna/modbus-go/examples/tcp_client/main.go:122.46,124.18 2 0
github.com/adibhanna/modbus-go/examples/tcp_client/main.go:124.18,126.5 1 0
github.com/adibhanna/modbus-go/examples/tcp_client/main.go:126.10,128.5 1 0
github.com/adibhanna/modbus-go/examples/tcp_client/main.go:132.3,132.56 1 0
github.com/adibhanna/modbus-go/examples/tcp_client/main.go:132.56,134.43 2 0
github.com/adibhanna/modbus-go/examples/tcp_client/main.go:134.43,136.5 1 0
github.com/adibhanna/modbus-go/examples/tcp_client/main.go:137.4,137.87 1 0
github.com/adibhanna/modbus-go/examples/tcp_client/main.go:137.87,139.5 1 0
github.com/adibhanna/modbus-go/examples/tcp_client/main.go:139.10,141.5 1 0
github.com/adibhanna/modbus-go/examples/tcp_client/main.go:144.4,145.18 2 0
github.com/adibhanna/modbus-go/examples/tcp_client/main.go:145.18,147.5 1 0
github.com/adibhanna/modbus-go/examples/tcp_client/main.go:147.10,149.5 1 0
github.com/adibhanna/modbus-go/examples/tcp_client/main.go:154.2,154.64 1 0
github.com/adibhanna/modbus-go/examples/tcp_client/main.go:154.64,162.17 4 0
github.com/adibhanna/modbus-go/examples/tcp_client/main.go:162.17,164.4 1 0
github.com/adibhanna/modbus-go/examples/tcp_client/main.go:164.9,167.4 2 0
github.com/adibhanna/modbus-go/examples/tcp_client/main.go:171.2,171.54 1 0
github.com/adibhanna/modbus-go/examples/tcp_client/main.go:171.54,174.141 3 0
github.com/adibhanna/modbus-go/examples/tcp_client/main.go:174.141,176.4 1 0
github.com/adibhanna/modbus-go/examples/tcp_client/main.go:176.9,180.104 2 0
github.com/adibhanna/modbus-go/examples/tcp_client/main.go:180.104,182.5 1 0
github.com/adibhanna/modbus-go/examples/tcp_client/main.go:187.2,187.56 1 0
github.com/adibhanna/modbus-go/examples/tcp_client/main.go:187.56,190.17 3 0
github.com/adibhanna/modbus-go/examples/tcp_client/main.go:190.17,192.4 1 0
github.com/adibhanna/modbus-go/examples/tcp_client/main.go:192.9,199.4 6 0
github.com/adibhanna/modbus-go/examples/tcp_client/main.go:202.2,203.25 2 0
github.com/adibhanna/modbus-go/examples/tcp_client/main.go:203.25,206.3 2 0
github.com/adibhanna/modbus-go/examples/simple_config_client/main.go:11.13,24.16 4 0
github.com/adibhanna/modbus-go/examples/simple_config_client/main.go:24.16,26.3 1 0
github.com/adibhanna/modbus-go/examples/simple_config_client/main.go:26.8,30.3 2 0
github.com/adibhanna/modbus-go/examples/simple_config_client/main.go:33.2,44.16 4 0
github.com/adibhanna/modbus-go/examples/simple_config_client/main.go:44.16,46.3 1 0
github.com/adibhanna/modbus-go/examples/simple_config_client/main.go:46.8,50.3 2 0
github.com/adibhanna/modbus-go/examples/simple_config_client/main.go:53.2,86.83 18 0
github.com/adibhanna/modbus-go/examples/simple_config_client/main.go:86.83,88.3 1 0
github.com/adibhanna/modbus-go/examples/simple_config_client/main.go:88.8,90.3 1 0
github.com/adibhanna/modbus-go/examples/simple_config_client/main.go:93.2,93.61 1 0
github.com/adibhanna/modbus-go/examples/simple_config_client/main.go:93.61,95.3 1 0
github.com/adibhanna/modbus-go/examples/simple_config_client/main.go:95.8,97.3 1 0
github.com/adibhanna/modbus-go/examples/simple_config_client/main.go:99.2,99.49 1 0
